[error]: 2024-11-29 10:29:56  - [31muncaughtException: тип Unable to compile TypeScript:[39m
[31msrc/app/application/order-usecase.ts(2,10): error TS6133: 'MarketdataType' is declared but its value is never read.[39m

[31mError: тип Unable to compile TypeScript:[39m
[31msrc/app/application/order-usecase.ts(2,10): error TS6133: 'MarketdataType' is declared but its value is never read.[39m

[31m    at Object.<anonymous> (/Applications/www/Devs/cocos/api/src/app/application/order-usecase.ts:1:7)[39m
[31m    at Module._compile (node:internal/modules/cjs/loader:1364:14)[39m
[31m    at Module._compile (/Applications/www/Devs/cocos/api/node_modules/source-map-support/source-map-support.js:521:25)[39m
[31m    at Module.m._compile (/private/var/folders/k_/whjk8d0n1zndpfbjh793w60c0000gn/T/ts-node-dev-hook-3362391305512049.js:69:33)[39m
[31m    at Module._extensions..js (node:internal/modules/cjs/loader:1422:10)[39m
[31m    at require.extensions..jsx.require.extensions..js (/private/var/folders/k_/whjk8d0n1zndpfbjh793w60c0000gn/T/ts-node-dev-hook-3362391305512049.js:114:20)[39m
[31m    at require.extensions.<computed> (/private/var/folders/k_/whjk8d0n1zndpfbjh793w60c0000gn/T/ts-node-dev-hook-3362391305512049.js:71:20)[39m
[31m    at Object.nodeDevHook [as .ts] (/Applications/www/Devs/cocos/api/node_modules/ts-node-dev/lib/hook.js:63:13)[39m
[31m    at Module.load (node:internal/modules/cjs/loader:1203:32)[39m
[31m    at Function.Module._load (node:internal/modules/cjs/loader:1019:12)[39m
[error]: 2024-11-29 11:06:45  - [31muncaughtException: тип Unable to compile TypeScript:[39m
[31msrc/app/application/portfolio-usecase.ts(33,55): error TS2769: No overload matches this call.[39m
[31m  Overload 1 of 3, '(callbackfn: (previousValue: { id: number; ticker: string; name: string; quantity: number; averagePrice: number; currentPrice: number; totalValue: number; gain: string; }, currentValue: { id: number; ticker: string; name: string; ... 4 more ...; gain: string; }, currentIndex: number, array: { ...; }[]) => { ...; }, initialValue: { ...; }): { ...; }', gave the following error.[39m
[31m    Argument of type '(sum: any, pos: PositionsType) => any' is not assignable to parameter of type '(previousValue: { id: number; ticker: string; name: string; quantity: number; averagePrice: number; currentPrice: number; totalValue: number; gain: string; }, currentValue: { id: number; ticker: string; name: string; ... 4 more ...; gain: string; }, currentIndex: number, array: { ...; }[]) => { ...; }'.[39m
[31m      Types of parameters 'pos' and 'currentValue' are incompatible.[39m
[31m        Type '{ id: number; ticker: string; name: string; quantity: number; averagePrice: number; currentPrice: number; totalValue: number; gain: string; }' is not assignable to type 'PositionsType'.[39m
[31m          Types of property 'gain' are incompatible.[39m
[31m            Type 'string' is not assignable to type 'number'.[39m
[31m  Overload 2 of 3, '(callbackfn: (previousValue: any, currentValue: { id: number; ticker: string; name: string; quantity: number; averagePrice: number; currentPrice: number; totalValue: number; gain: string; }, currentIndex: number, array: { ...; }[]) => any, initialValue: any): any', gave the following error.[39m
[31m    Argument of type '(sum: any, pos: PositionsType) => any' is not assignable to parameter of type '(previousValue: any, currentValue: { id: number; ticker: string; name: string; quantity: number; averagePrice: number; currentPrice: number; totalValue: number; gain: string; }, currentIndex: number, array: { ...; }[]) => any'.[39m
[31m      Types of parameters 'pos' and 'currentValue' are incompatible.[39m
[31m        Type '{ id: number; ticker: string; name: string; quantity: number; averagePrice: number; currentPrice: number; totalValue: number; gain: string; }' is not assignable to type 'PositionsType'.[39m
[31m          Types of property 'gain' are incompatible.[39m
[31m            Type 'string' is not assignable to type 'number'.[39m
[31msrc/app/application/portfolio-usecase.ts(36,4): error TS2322: Type '{ id: number; ticker: string; name: string; quantity: number; averagePrice: number; currentPrice: number; totalValue: number; gain: string; }' is not assignable to type 'number'.[39m
[31msrc/app/application/portfolio-usecase.ts(38,4): error TS2322: Type '{ id: number; ticker: string; name: string; quantity: number; averagePrice: number; currentPrice: number; totalValue: number; gain: string; }[]' is not assignable to type 'PositionsType[]'.[39m
[31m  Type '{ id: number; ticker: string; name: string; quantity: number; averagePrice: number; currentPrice: number; totalValue: number; gain: string; }' is not assignable to type 'PositionsType'.[39m
[31m    Types of property 'gain' are incompatible.[39m
[31m      Type 'string' is not assignable to type 'number'.[39m

[31mError: тип Unable to compile TypeScript:[39m
[31msrc/app/application/portfolio-usecase.ts(33,55): error TS2769: No overload matches this call.[39m
[31m  Overload 1 of 3, '(callbackfn: (previousValue: { id: number; ticker: string; name: string; quantity: number; averagePrice: number; currentPrice: number; totalValue: number; gain: string; }, currentValue: { id: number; ticker: string; name: string; ... 4 more ...; gain: string; }, currentIndex: number, array: { ...; }[]) => { ...; }, initialValue: { ...; }): { ...; }', gave the following error.[39m
[31m    Argument of type '(sum: any, pos: PositionsType) => any' is not assignable to parameter of type '(previousValue: { id: number; ticker: string; name: string; quantity: number; averagePrice: number; currentPrice: number; totalValue: number; gain: string; }, currentValue: { id: number; ticker: string; name: string; ... 4 more ...; gain: string; }, currentIndex: number, array: { ...; }[]) => { ...; }'.[39m
[31m      Types of parameters 'pos' and 'currentValue' are incompatible.[39m
[31m        Type '{ id: number; ticker: string; name: string; quantity: number; averagePrice: number; currentPrice: number; totalValue: number; gain: string; }' is not assignable to type 'PositionsType'.[39m
[31m          Types of property 'gain' are incompatible.[39m
[31m            Type 'string' is not assignable to type 'number'.[39m
[31m  Overload 2 of 3, '(callbackfn: (previousValue: any, currentValue: { id: number; ticker: string; name: string; quantity: number; averagePrice: number; currentPrice: number; totalValue: number; gain: string; }, currentIndex: number, array: { ...; }[]) => any, initialValue: any): any', gave the following error.[39m
[31m    Argument of type '(sum: any, pos: PositionsType) => any' is not assignable to parameter of type '(previousValue: any, currentValue: { id: number; ticker: string; name: string; quantity: number; averagePrice: number; currentPrice: number; totalValue: number; gain: string; }, currentIndex: number, array: { ...; }[]) => any'.[39m
[31m      Types of parameters 'pos' and 'currentValue' are incompatible.[39m
[31m        Type '{ id: number; ticker: string; name: string; quantity: number; averagePrice: number; currentPrice: number; totalValue: number; gain: string; }' is not assignable to type 'PositionsType'.[39m
[31m          Types of property 'gain' are incompatible.[39m
[31m            Type 'string' is not assignable to type 'number'.[39m
[31msrc/app/application/portfolio-usecase.ts(36,4): error TS2322: Type '{ id: number; ticker: string; name: string; quantity: number; averagePrice: number; currentPrice: number; totalValue: number; gain: string; }' is not assignable to type 'number'.[39m
[31msrc/app/application/portfolio-usecase.ts(38,4): error TS2322: Type '{ id: number; ticker: string; name: string; quantity: number; averagePrice: number; currentPrice: number; totalValue: number; gain: string; }[]' is not assignable to type 'PositionsType[]'.[39m
[31m  Type '{ id: number; ticker: string; name: string; quantity: number; averagePrice: number; currentPrice: number; totalValue: number; gain: string; }' is not assignable to type 'PositionsType'.[39m
[31m    Types of property 'gain' are incompatible.[39m
[31m      Type 'string' is not assignable to type 'number'.[39m

[31m    at Object.<anonymous> (/Applications/www/Devs/cocos/api/src/app/application/portfolio-usecase.ts:1:7)[39m
[31m    at Module.<anonymous> (node:internal/modules/cjs/loader:1546:14)[39m
[31m    at Module._compile (/Applications/www/Devs/cocos/api/node_modules/source-map-support/source-map-support.js:521:25)[39m
[31m    at Module.m._compile (/private/var/folders/k_/whjk8d0n1zndpfbjh793w60c0000gn/T/ts-node-dev-hook-8180718196177423.js:69:33)[39m
[31m    at node:internal/modules/cjs/loader:1689:10[39m
[31m    at require.extensions..jsx.require.extensions..js (/private/var/folders/k_/whjk8d0n1zndpfbjh793w60c0000gn/T/ts-node-dev-hook-8180718196177423.js:114:20)[39m
[31m    at require.extensions.<computed> (/private/var/folders/k_/whjk8d0n1zndpfbjh793w60c0000gn/T/ts-node-dev-hook-8180718196177423.js:71:20)[39m
[31m    at Object.nodeDevHook [as .ts] (/Applications/www/Devs/cocos/api/node_modules/ts-node-dev/lib/hook.js:63:13)[39m
[31m    at Module.load (node:internal/modules/cjs/loader:1318:32)[39m
[31m    at Function._load (node:internal/modules/cjs/loader:1128:12)[39m
[error]: 2024-11-29 11:07:47  - [31muncaughtException: тип Unable to compile TypeScript:[39m
[31msrc/app/application/portfolio-usecase.ts(33,55): error TS2769: No overload matches this call.[39m
[31m  Overload 1 of 3, '(callbackfn: (previousValue: { id: number; ticker: string; name: string; quantity: number; averagePrice: number; currentPrice: number; totalValue: number; gain: string; }, currentValue: { id: number; ticker: string; name: string; ... 4 more ...; gain: string; }, currentIndex: number, array: { ...; }[]) => { ...; }, initialValue: { ...; }): { ...; }', gave the following error.[39m
[31m    Argument of type '(sum: any, pos: PositionsType) => any' is not assignable to parameter of type '(previousValue: { id: number; ticker: string; name: string; quantity: number; averagePrice: number; currentPrice: number; totalValue: number; gain: string; }, currentValue: { id: number; ticker: string; name: string; ... 4 more ...; gain: string; }, currentIndex: number, array: { ...; }[]) => { ...; }'.[39m
[31m      Types of parameters 'pos' and 'currentValue' are incompatible.[39m
[31m        Type '{ id: number; ticker: string; name: string; quantity: number; averagePrice: number; currentPrice: number; totalValue: number; gain: string; }' is not assignable to type 'PositionsType'.[39m
[31m          Types of property 'gain' are incompatible.[39m
[31m            Type 'string' is not assignable to type 'number'.[39m
[31m  Overload 2 of 3, '(callbackfn: (previousValue: any, currentValue: { id: number; ticker: string; name: string; quantity: number; averagePrice: number; currentPrice: number; totalValue: number; gain: string; }, currentIndex: number, array: { ...; }[]) => any, initialValue: any): any', gave the following error.[39m
[31m    Argument of type '(sum: any, pos: PositionsType) => any' is not assignable to parameter of type '(previousValue: any, currentValue: { id: number; ticker: string; name: string; quantity: number; averagePrice: number; currentPrice: number; totalValue: number; gain: string; }, currentIndex: number, array: { ...; }[]) => any'.[39m
[31m      Types of parameters 'pos' and 'currentValue' are incompatible.[39m
[31m        Type '{ id: number; ticker: string; name: string; quantity: number; averagePrice: number; currentPrice: number; totalValue: number; gain: string; }' is not assignable to type 'PositionsType'.[39m
[31m          Types of property 'gain' are incompatible.[39m
[31m            Type 'string' is not assignable to type 'number'.[39m
[31msrc/app/application/portfolio-usecase.ts(36,4): error TS2322: Type '{ id: number; ticker: string; name: string; quantity: number; averagePrice: number; currentPrice: number; totalValue: number; gain: string; }' is not assignable to type 'number'.[39m
[31msrc/app/application/portfolio-usecase.ts(38,4): error TS2322: Type '{ id: number; ticker: string; name: string; quantity: number; averagePrice: number; currentPrice: number; totalValue: number; gain: string; }[]' is not assignable to type 'PositionsType[]'.[39m
[31m  Type '{ id: number; ticker: string; name: string; quantity: number; averagePrice: number; currentPrice: number; totalValue: number; gain: string; }' is not assignable to type 'PositionsType'.[39m
[31m    Types of property 'gain' are incompatible.[39m
[31m      Type 'string' is not assignable to type 'number'.[39m

[31mError: тип Unable to compile TypeScript:[39m
[31msrc/app/application/portfolio-usecase.ts(33,55): error TS2769: No overload matches this call.[39m
[31m  Overload 1 of 3, '(callbackfn: (previousValue: { id: number; ticker: string; name: string; quantity: number; averagePrice: number; currentPrice: number; totalValue: number; gain: string; }, currentValue: { id: number; ticker: string; name: string; ... 4 more ...; gain: string; }, currentIndex: number, array: { ...; }[]) => { ...; }, initialValue: { ...; }): { ...; }', gave the following error.[39m
[31m    Argument of type '(sum: any, pos: PositionsType) => any' is not assignable to parameter of type '(previousValue: { id: number; ticker: string; name: string; quantity: number; averagePrice: number; currentPrice: number; totalValue: number; gain: string; }, currentValue: { id: number; ticker: string; name: string; ... 4 more ...; gain: string; }, currentIndex: number, array: { ...; }[]) => { ...; }'.[39m
[31m      Types of parameters 'pos' and 'currentValue' are incompatible.[39m
[31m        Type '{ id: number; ticker: string; name: string; quantity: number; averagePrice: number; currentPrice: number; totalValue: number; gain: string; }' is not assignable to type 'PositionsType'.[39m
[31m          Types of property 'gain' are incompatible.[39m
[31m            Type 'string' is not assignable to type 'number'.[39m
[31m  Overload 2 of 3, '(callbackfn: (previousValue: any, currentValue: { id: number; ticker: string; name: string; quantity: number; averagePrice: number; currentPrice: number; totalValue: number; gain: string; }, currentIndex: number, array: { ...; }[]) => any, initialValue: any): any', gave the following error.[39m
[31m    Argument of type '(sum: any, pos: PositionsType) => any' is not assignable to parameter of type '(previousValue: any, currentValue: { id: number; ticker: string; name: string; quantity: number; averagePrice: number; currentPrice: number; totalValue: number; gain: string; }, currentIndex: number, array: { ...; }[]) => any'.[39m
[31m      Types of parameters 'pos' and 'currentValue' are incompatible.[39m
[31m        Type '{ id: number; ticker: string; name: string; quantity: number; averagePrice: number; currentPrice: number; totalValue: number; gain: string; }' is not assignable to type 'PositionsType'.[39m
[31m          Types of property 'gain' are incompatible.[39m
[31m            Type 'string' is not assignable to type 'number'.[39m
[31msrc/app/application/portfolio-usecase.ts(36,4): error TS2322: Type '{ id: number; ticker: string; name: string; quantity: number; averagePrice: number; currentPrice: number; totalValue: number; gain: string; }' is not assignable to type 'number'.[39m
[31msrc/app/application/portfolio-usecase.ts(38,4): error TS2322: Type '{ id: number; ticker: string; name: string; quantity: number; averagePrice: number; currentPrice: number; totalValue: number; gain: string; }[]' is not assignable to type 'PositionsType[]'.[39m
[31m  Type '{ id: number; ticker: string; name: string; quantity: number; averagePrice: number; currentPrice: number; totalValue: number; gain: string; }' is not assignable to type 'PositionsType'.[39m
[31m    Types of property 'gain' are incompatible.[39m
[31m      Type 'string' is not assignable to type 'number'.[39m

[31m    at Object.<anonymous> (/Applications/www/Devs/cocos/api/src/app/application/portfolio-usecase.ts:1:7)[39m
[31m    at Module.<anonymous> (node:internal/modules/cjs/loader:1546:14)[39m
[31m    at Module._compile (/Applications/www/Devs/cocos/api/node_modules/source-map-support/source-map-support.js:521:25)[39m
[31m    at Module.m._compile (/private/var/folders/k_/whjk8d0n1zndpfbjh793w60c0000gn/T/ts-node-dev-hook-8180718196177423.js:69:33)[39m
[31m    at node:internal/modules/cjs/loader:1689:10[39m
[31m    at require.extensions..jsx.require.extensions..js (/private/var/folders/k_/whjk8d0n1zndpfbjh793w60c0000gn/T/ts-node-dev-hook-8180718196177423.js:114:20)[39m
[31m    at require.extensions.<computed> (/private/var/folders/k_/whjk8d0n1zndpfbjh793w60c0000gn/T/ts-node-dev-hook-8180718196177423.js:71:20)[39m
[31m    at Object.nodeDevHook [as .ts] (/Applications/www/Devs/cocos/api/node_modules/ts-node-dev/lib/hook.js:63:13)[39m
[31m    at Module.load (node:internal/modules/cjs/loader:1318:32)[39m
[31m    at Function._load (node:internal/modules/cjs/loader:1128:12)[39m
[error]: 2024-11-29 11:08:53  - [31muncaughtException: тип Unable to compile TypeScript:[39m
[31msrc/app/application/portfolio-usecase.ts(33,55): error TS2769: No overload matches this call.[39m
[31m  Overload 1 of 3, '(callbackfn: (previousValue: { id: number; ticker: string; name: string; quantity: number; averagePrice: number; currentPrice: number; totalValue: number; gain: string; }, currentValue: { id: number; ticker: string; name: string; ... 4 more ...; gain: string; }, currentIndex: number, array: { ...; }[]) => { ...; }, initialValue: { ...; }): { ...; }', gave the following error.[39m
[31m    Argument of type '(sum: any, pos: PositionsType) => any' is not assignable to parameter of type '(previousValue: { id: number; ticker: string; name: string; quantity: number; averagePrice: number; currentPrice: number; totalValue: number; gain: string; }, currentValue: { id: number; ticker: string; name: string; ... 4 more ...; gain: string; }, currentIndex: number, array: { ...; }[]) => { ...; }'.[39m
[31m      Types of parameters 'pos' and 'currentValue' are incompatible.[39m
[31m        Type '{ id: number; ticker: string; name: string; quantity: number; averagePrice: number; currentPrice: number; totalValue: number; gain: string; }' is not assignable to type 'PositionsType'.[39m
[31m          Types of property 'gain' are incompatible.[39m
[31m            Type 'string' is not assignable to type 'number'.[39m
[31m  Overload 2 of 3, '(callbackfn: (previousValue: any, currentValue: { id: number; ticker: string; name: string; quantity: number; averagePrice: number; currentPrice: number; totalValue: number; gain: string; }, currentIndex: number, array: { ...; }[]) => any, initialValue: any): any', gave the following error.[39m
[31m    Argument of type '(sum: any, pos: PositionsType) => any' is not assignable to parameter of type '(previousValue: any, currentValue: { id: number; ticker: string; name: string; quantity: number; averagePrice: number; currentPrice: number; totalValue: number; gain: string; }, currentIndex: number, array: { ...; }[]) => any'.[39m
[31m      Types of parameters 'pos' and 'currentValue' are incompatible.[39m
[31m        Type '{ id: number; ticker: string; name: string; quantity: number; averagePrice: number; currentPrice: number; totalValue: number; gain: string; }' is not assignable to type 'PositionsType'.[39m
[31m          Types of property 'gain' are incompatible.[39m
[31m            Type 'string' is not assignable to type 'number'.[39m
[31msrc/app/application/portfolio-usecase.ts(36,4): error TS2322: Type '{ id: number; ticker: string; name: string; quantity: number; averagePrice: number; currentPrice: number; totalValue: number; gain: string; }' is not assignable to type 'number'.[39m
[31msrc/app/application/portfolio-usecase.ts(38,4): error TS2322: Type '{ id: number; ticker: string; name: string; quantity: number; averagePrice: number; currentPrice: number; totalValue: number; gain: string; }[]' is not assignable to type 'PositionsType[]'.[39m
[31m  Type '{ id: number; ticker: string; name: string; quantity: number; averagePrice: number; currentPrice: number; totalValue: number; gain: string; }' is not assignable to type 'PositionsType'.[39m
[31m    Types of property 'gain' are incompatible.[39m
[31m      Type 'string' is not assignable to type 'number'.[39m

[31mError: тип Unable to compile TypeScript:[39m
[31msrc/app/application/portfolio-usecase.ts(33,55): error TS2769: No overload matches this call.[39m
[31m  Overload 1 of 3, '(callbackfn: (previousValue: { id: number; ticker: string; name: string; quantity: number; averagePrice: number; currentPrice: number; totalValue: number; gain: string; }, currentValue: { id: number; ticker: string; name: string; ... 4 more ...; gain: string; }, currentIndex: number, array: { ...; }[]) => { ...; }, initialValue: { ...; }): { ...; }', gave the following error.[39m
[31m    Argument of type '(sum: any, pos: PositionsType) => any' is not assignable to parameter of type '(previousValue: { id: number; ticker: string; name: string; quantity: number; averagePrice: number; currentPrice: number; totalValue: number; gain: string; }, currentValue: { id: number; ticker: string; name: string; ... 4 more ...; gain: string; }, currentIndex: number, array: { ...; }[]) => { ...; }'.[39m
[31m      Types of parameters 'pos' and 'currentValue' are incompatible.[39m
[31m        Type '{ id: number; ticker: string; name: string; quantity: number; averagePrice: number; currentPrice: number; totalValue: number; gain: string; }' is not assignable to type 'PositionsType'.[39m
[31m          Types of property 'gain' are incompatible.[39m
[31m            Type 'string' is not assignable to type 'number'.[39m
[31m  Overload 2 of 3, '(callbackfn: (previousValue: any, currentValue: { id: number; ticker: string; name: string; quantity: number; averagePrice: number; currentPrice: number; totalValue: number; gain: string; }, currentIndex: number, array: { ...; }[]) => any, initialValue: any): any', gave the following error.[39m
[31m    Argument of type '(sum: any, pos: PositionsType) => any' is not assignable to parameter of type '(previousValue: any, currentValue: { id: number; ticker: string; name: string; quantity: number; averagePrice: number; currentPrice: number; totalValue: number; gain: string; }, currentIndex: number, array: { ...; }[]) => any'.[39m
[31m      Types of parameters 'pos' and 'currentValue' are incompatible.[39m
[31m        Type '{ id: number; ticker: string; name: string; quantity: number; averagePrice: number; currentPrice: number; totalValue: number; gain: string; }' is not assignable to type 'PositionsType'.[39m
[31m          Types of property 'gain' are incompatible.[39m
[31m            Type 'string' is not assignable to type 'number'.[39m
[31msrc/app/application/portfolio-usecase.ts(36,4): error TS2322: Type '{ id: number; ticker: string; name: string; quantity: number; averagePrice: number; currentPrice: number; totalValue: number; gain: string; }' is not assignable to type 'number'.[39m
[31msrc/app/application/portfolio-usecase.ts(38,4): error TS2322: Type '{ id: number; ticker: string; name: string; quantity: number; averagePrice: number; currentPrice: number; totalValue: number; gain: string; }[]' is not assignable to type 'PositionsType[]'.[39m
[31m  Type '{ id: number; ticker: string; name: string; quantity: number; averagePrice: number; currentPrice: number; totalValue: number; gain: string; }' is not assignable to type 'PositionsType'.[39m
[31m    Types of property 'gain' are incompatible.[39m
[31m      Type 'string' is not assignable to type 'number'.[39m

[31m    at Object.<anonymous> (/Applications/www/Devs/cocos/api/src/app/application/portfolio-usecase.ts:1:7)[39m
[31m    at Module.<anonymous> (node:internal/modules/cjs/loader:1546:14)[39m
[31m    at Module._compile (/Applications/www/Devs/cocos/api/node_modules/source-map-support/source-map-support.js:521:25)[39m
[31m    at Module.m._compile (/private/var/folders/k_/whjk8d0n1zndpfbjh793w60c0000gn/T/ts-node-dev-hook-8180718196177423.js:69:33)[39m
[31m    at node:internal/modules/cjs/loader:1689:10[39m
[31m    at require.extensions..jsx.require.extensions..js (/private/var/folders/k_/whjk8d0n1zndpfbjh793w60c0000gn/T/ts-node-dev-hook-8180718196177423.js:114:20)[39m
[31m    at require.extensions.<computed> (/private/var/folders/k_/whjk8d0n1zndpfbjh793w60c0000gn/T/ts-node-dev-hook-8180718196177423.js:71:20)[39m
[31m    at Object.nodeDevHook [as .ts] (/Applications/www/Devs/cocos/api/node_modules/ts-node-dev/lib/hook.js:63:13)[39m
[31m    at Module.load (node:internal/modules/cjs/loader:1318:32)[39m
[31m    at Function._load (node:internal/modules/cjs/loader:1128:12)[39m
[error]: 2024-11-29 11:11:14  - [31muncaughtException: тип Unable to compile TypeScript:[39m
[31msrc/app/application/portfolio-usecase.ts(33,55): error TS2769: No overload matches this call.[39m
[31m  Overload 1 of 3, '(callbackfn: (previousValue: { id: number; ticker: string; name: string; quantity: number; averagePrice: number; currentPrice: number; totalValue: number; gain: string; }, currentValue: { id: number; ticker: string; name: string; ... 4 more ...; gain: string; }, currentIndex: number, array: { ...; }[]) => { ...; }, initialValue: { ...; }): { ...; }', gave the following error.[39m
[31m    Argument of type '(sum: any, pos: PositionsType) => any' is not assignable to parameter of type '(previousValue: { id: number; ticker: string; name: string; quantity: number; averagePrice: number; currentPrice: number; totalValue: number; gain: string; }, currentValue: { id: number; ticker: string; name: string; ... 4 more ...; gain: string; }, currentIndex: number, array: { ...; }[]) => { ...; }'.[39m
[31m      Types of parameters 'pos' and 'currentValue' are incompatible.[39m
[31m        Type '{ id: number; ticker: string; name: string; quantity: number; averagePrice: number; currentPrice: number; totalValue: number; gain: string; }' is not assignable to type 'PositionsType'.[39m
[31m          Types of property 'gain' are incompatible.[39m
[31m            Type 'string' is not assignable to type 'number'.[39m
[31m  Overload 2 of 3, '(callbackfn: (previousValue: any, currentValue: { id: number; ticker: string; name: string; quantity: number; averagePrice: number; currentPrice: number; totalValue: number; gain: string; }, currentIndex: number, array: { ...; }[]) => any, initialValue: any): any', gave the following error.[39m
[31m    Argument of type '(sum: any, pos: PositionsType) => any' is not assignable to parameter of type '(previousValue: any, currentValue: { id: number; ticker: string; name: string; quantity: number; averagePrice: number; currentPrice: number; totalValue: number; gain: string; }, currentIndex: number, array: { ...; }[]) => any'.[39m
[31m      Types of parameters 'pos' and 'currentValue' are incompatible.[39m
[31m        Type '{ id: number; ticker: string; name: string; quantity: number; averagePrice: number; currentPrice: number; totalValue: number; gain: string; }' is not assignable to type 'PositionsType'.[39m
[31m          Types of property 'gain' are incompatible.[39m
[31m            Type 'string' is not assignable to type 'number'.[39m
[31msrc/app/application/portfolio-usecase.ts(36,4): error TS2322: Type '{ id: number; ticker: string; name: string; quantity: number; averagePrice: number; currentPrice: number; totalValue: number; gain: string; }' is not assignable to type 'number'.[39m
[31msrc/app/application/portfolio-usecase.ts(38,4): error TS2322: Type '{ id: number; ticker: string; name: string; quantity: number; averagePrice: number; currentPrice: number; totalValue: number; gain: string; }[]' is not assignable to type 'PositionsType[]'.[39m
[31m  Type '{ id: number; ticker: string; name: string; quantity: number; averagePrice: number; currentPrice: number; totalValue: number; gain: string; }' is not assignable to type 'PositionsType'.[39m
[31m    Types of property 'gain' are incompatible.[39m
[31m      Type 'string' is not assignable to type 'number'.[39m

[31mError: тип Unable to compile TypeScript:[39m
[31msrc/app/application/portfolio-usecase.ts(33,55): error TS2769: No overload matches this call.[39m
[31m  Overload 1 of 3, '(callbackfn: (previousValue: { id: number; ticker: string; name: string; quantity: number; averagePrice: number; currentPrice: number; totalValue: number; gain: string; }, currentValue: { id: number; ticker: string; name: string; ... 4 more ...; gain: string; }, currentIndex: number, array: { ...; }[]) => { ...; }, initialValue: { ...; }): { ...; }', gave the following error.[39m
[31m    Argument of type '(sum: any, pos: PositionsType) => any' is not assignable to parameter of type '(previousValue: { id: number; ticker: string; name: string; quantity: number; averagePrice: number; currentPrice: number; totalValue: number; gain: string; }, currentValue: { id: number; ticker: string; name: string; ... 4 more ...; gain: string; }, currentIndex: number, array: { ...; }[]) => { ...; }'.[39m
[31m      Types of parameters 'pos' and 'currentValue' are incompatible.[39m
[31m        Type '{ id: number; ticker: string; name: string; quantity: number; averagePrice: number; currentPrice: number; totalValue: number; gain: string; }' is not assignable to type 'PositionsType'.[39m
[31m          Types of property 'gain' are incompatible.[39m
[31m            Type 'string' is not assignable to type 'number'.[39m
[31m  Overload 2 of 3, '(callbackfn: (previousValue: any, currentValue: { id: number; ticker: string; name: string; quantity: number; averagePrice: number; currentPrice: number; totalValue: number; gain: string; }, currentIndex: number, array: { ...; }[]) => any, initialValue: any): any', gave the following error.[39m
[31m    Argument of type '(sum: any, pos: PositionsType) => any' is not assignable to parameter of type '(previousValue: any, currentValue: { id: number; ticker: string; name: string; quantity: number; averagePrice: number; currentPrice: number; totalValue: number; gain: string; }, currentIndex: number, array: { ...; }[]) => any'.[39m
[31m      Types of parameters 'pos' and 'currentValue' are incompatible.[39m
[31m        Type '{ id: number; ticker: string; name: string; quantity: number; averagePrice: number; currentPrice: number; totalValue: number; gain: string; }' is not assignable to type 'PositionsType'.[39m
[31m          Types of property 'gain' are incompatible.[39m
[31m            Type 'string' is not assignable to type 'number'.[39m
[31msrc/app/application/portfolio-usecase.ts(36,4): error TS2322: Type '{ id: number; ticker: string; name: string; quantity: number; averagePrice: number; currentPrice: number; totalValue: number; gain: string; }' is not assignable to type 'number'.[39m
[31msrc/app/application/portfolio-usecase.ts(38,4): error TS2322: Type '{ id: number; ticker: string; name: string; quantity: number; averagePrice: number; currentPrice: number; totalValue: number; gain: string; }[]' is not assignable to type 'PositionsType[]'.[39m
[31m  Type '{ id: number; ticker: string; name: string; quantity: number; averagePrice: number; currentPrice: number; totalValue: number; gain: string; }' is not assignable to type 'PositionsType'.[39m
[31m    Types of property 'gain' are incompatible.[39m
[31m      Type 'string' is not assignable to type 'number'.[39m

[31m    at Object.<anonymous> (/Applications/www/Devs/cocos/api/src/app/application/portfolio-usecase.ts:1:7)[39m
[31m    at Module.<anonymous> (node:internal/modules/cjs/loader:1546:14)[39m
[31m    at Module._compile (/Applications/www/Devs/cocos/api/node_modules/source-map-support/source-map-support.js:521:25)[39m
[31m    at Module.m._compile (/private/var/folders/k_/whjk8d0n1zndpfbjh793w60c0000gn/T/ts-node-dev-hook-8180718196177423.js:69:33)[39m
[31m    at node:internal/modules/cjs/loader:1689:10[39m
[31m    at require.extensions..jsx.require.extensions..js (/private/var/folders/k_/whjk8d0n1zndpfbjh793w60c0000gn/T/ts-node-dev-hook-8180718196177423.js:114:20)[39m
[31m    at require.extensions.<computed> (/private/var/folders/k_/whjk8d0n1zndpfbjh793w60c0000gn/T/ts-node-dev-hook-8180718196177423.js:71:20)[39m
[31m    at Object.nodeDevHook [as .ts] (/Applications/www/Devs/cocos/api/node_modules/ts-node-dev/lib/hook.js:63:13)[39m
[31m    at Module.load (node:internal/modules/cjs/loader:1318:32)[39m
[31m    at Function._load (node:internal/modules/cjs/loader:1128:12)[39m
[error]: 2024-11-29 11:13:13  - [31muncaughtException: тип Unable to compile TypeScript:[39m
[31msrc/app/application/portfolio-usecase.ts(2,64): error TS6133: 'PositionsType' is declared but its value is never read.[39m
[31msrc/app/application/portfolio-usecase.ts(38,4): error TS2322: Type '{ id: number; ticker: string; name: string; quantity: number; averagePrice: number; currentPrice: number; totalValue: number; gain: string; }[]' is not assignable to type 'PositionsType[]'.[39m
[31m  Type '{ id: number; ticker: string; name: string; quantity: number; averagePrice: number; currentPrice: number; totalValue: number; gain: string; }' is not assignable to type 'PositionsType'.[39m
[31m    Types of property 'gain' are incompatible.[39m
[31m      Type 'string' is not assignable to type 'number'.[39m

[31mError: тип Unable to compile TypeScript:[39m
[31msrc/app/application/portfolio-usecase.ts(2,64): error TS6133: 'PositionsType' is declared but its value is never read.[39m
[31msrc/app/application/portfolio-usecase.ts(38,4): error TS2322: Type '{ id: number; ticker: string; name: string; quantity: number; averagePrice: number; currentPrice: number; totalValue: number; gain: string; }[]' is not assignable to type 'PositionsType[]'.[39m
[31m  Type '{ id: number; ticker: string; name: string; quantity: number; averagePrice: number; currentPrice: number; totalValue: number; gain: string; }' is not assignable to type 'PositionsType'.[39m
[31m    Types of property 'gain' are incompatible.[39m
[31m      Type 'string' is not assignable to type 'number'.[39m

[31m    at Object.<anonymous> (/Applications/www/Devs/cocos/api/src/app/application/portfolio-usecase.ts:1:7)[39m
[31m    at Module.<anonymous> (node:internal/modules/cjs/loader:1546:14)[39m
[31m    at Module._compile (/Applications/www/Devs/cocos/api/node_modules/source-map-support/source-map-support.js:521:25)[39m
[31m    at Module.m._compile (/private/var/folders/k_/whjk8d0n1zndpfbjh793w60c0000gn/T/ts-node-dev-hook-8180718196177423.js:69:33)[39m
[31m    at node:internal/modules/cjs/loader:1689:10[39m
[31m    at require.extensions..jsx.require.extensions..js (/private/var/folders/k_/whjk8d0n1zndpfbjh793w60c0000gn/T/ts-node-dev-hook-8180718196177423.js:114:20)[39m
[31m    at require.extensions.<computed> (/private/var/folders/k_/whjk8d0n1zndpfbjh793w60c0000gn/T/ts-node-dev-hook-8180718196177423.js:71:20)[39m
[31m    at Object.nodeDevHook [as .ts] (/Applications/www/Devs/cocos/api/node_modules/ts-node-dev/lib/hook.js:63:13)[39m
[31m    at Module.load (node:internal/modules/cjs/loader:1318:32)[39m
[31m    at Function._load (node:internal/modules/cjs/loader:1128:12)[39m
[error]: 2024-11-29 11:13:31  - [31muncaughtException: тип Unable to compile TypeScript:[39m
[31msrc/app/application/portfolio-usecase.ts(33,55): error TS2769: No overload matches this call.[39m
[31m  Overload 1 of 3, '(callbackfn: (previousValue: { id: number; ticker: string; name: string; quantity: number; averagePrice: number; currentPrice: number; totalValue: number; gain: string; }, currentValue: { id: number; ticker: string; name: string; ... 4 more ...; gain: string; }, currentIndex: number, array: { ...; }[]) => { ...; }, initialValue: { ...; }): { ...; }', gave the following error.[39m
[31m    Argument of type '(sum: any, pos: PositionsType) => any' is not assignable to parameter of type '(previousValue: { id: number; ticker: string; name: string; quantity: number; averagePrice: number; currentPrice: number; totalValue: number; gain: string; }, currentValue: { id: number; ticker: string; name: string; ... 4 more ...; gain: string; }, currentIndex: number, array: { ...; }[]) => { ...; }'.[39m
[31m      Types of parameters 'pos' and 'currentValue' are incompatible.[39m
[31m        Type '{ id: number; ticker: string; name: string; quantity: number; averagePrice: number; currentPrice: number; totalValue: number; gain: string; }' is not assignable to type 'PositionsType'.[39m
[31m          Types of property 'gain' are incompatible.[39m
[31m            Type 'string' is not assignable to type 'number'.[39m
[31m  Overload 2 of 3, '(callbackfn: (previousValue: any, currentValue: { id: number; ticker: string; name: string; quantity: number; averagePrice: number; currentPrice: number; totalValue: number; gain: string; }, currentIndex: number, array: { ...; }[]) => any, initialValue: any): any', gave the following error.[39m
[31m    Argument of type '(sum: any, pos: PositionsType) => any' is not assignable to parameter of type '(previousValue: any, currentValue: { id: number; ticker: string; name: string; quantity: number; averagePrice: number; currentPrice: number; totalValue: number; gain: string; }, currentIndex: number, array: { ...; }[]) => any'.[39m
[31m      Types of parameters 'pos' and 'currentValue' are incompatible.[39m
[31m        Type '{ id: number; ticker: string; name: string; quantity: number; averagePrice: number; currentPrice: number; totalValue: number; gain: string; }' is not assignable to type 'PositionsType'.[39m
[31m          Types of property 'gain' are incompatible.[39m
[31m            Type 'string' is not assignable to type 'number'.[39m
[31msrc/app/application/portfolio-usecase.ts(33,106): error TS2345: Argument of type 'number' is not assignable to parameter of type 'string'.[39m
[31msrc/app/application/portfolio-usecase.ts(36,4): error TS2322: Type '{ id: number; ticker: string; name: string; quantity: number; averagePrice: number; currentPrice: number; totalValue: number; gain: string; }' is not assignable to type 'number'.[39m
[31msrc/app/application/portfolio-usecase.ts(38,4): error TS2322: Type '{ id: number; ticker: string; name: string; quantity: number; averagePrice: number; currentPrice: number; totalValue: number; gain: string; }[]' is not assignable to type 'PositionsType[]'.[39m
[31m  Type '{ id: number; ticker: string; name: string; quantity: number; averagePrice: number; currentPrice: number; totalValue: number; gain: string; }' is not assignable to type 'PositionsType'.[39m
[31m    Types of property 'gain' are incompatible.[39m
[31m      Type 'string' is not assignable to type 'number'.[39m

[31mError: тип Unable to compile TypeScript:[39m
[31msrc/app/application/portfolio-usecase.ts(33,55): error TS2769: No overload matches this call.[39m
[31m  Overload 1 of 3, '(callbackfn: (previousValue: { id: number; ticker: string; name: string; quantity: number; averagePrice: number; currentPrice: number; totalValue: number; gain: string; }, currentValue: { id: number; ticker: string; name: string; ... 4 more ...; gain: string; }, currentIndex: number, array: { ...; }[]) => { ...; }, initialValue: { ...; }): { ...; }', gave the following error.[39m
[31m    Argument of type '(sum: any, pos: PositionsType) => any' is not assignable to parameter of type '(previousValue: { id: number; ticker: string; name: string; quantity: number; averagePrice: number; currentPrice: number; totalValue: number; gain: string; }, currentValue: { id: number; ticker: string; name: string; ... 4 more ...; gain: string; }, currentIndex: number, array: { ...; }[]) => { ...; }'.[39m
[31m      Types of parameters 'pos' and 'currentValue' are incompatible.[39m
[31m        Type '{ id: number; ticker: string; name: string; quantity: number; averagePrice: number; currentPrice: number; totalValue: number; gain: string; }' is not assignable to type 'PositionsType'.[39m
[31m          Types of property 'gain' are incompatible.[39m
[31m            Type 'string' is not assignable to type 'number'.[39m
[31m  Overload 2 of 3, '(callbackfn: (previousValue: any, currentValue: { id: number; ticker: string; name: string; quantity: number; averagePrice: number; currentPrice: number; totalValue: number; gain: string; }, currentIndex: number, array: { ...; }[]) => any, initialValue: any): any', gave the following error.[39m
[31m    Argument of type '(sum: any, pos: PositionsType) => any' is not assignable to parameter of type '(previousValue: any, currentValue: { id: number; ticker: string; name: string; quantity: number; averagePrice: number; currentPrice: number; totalValue: number; gain: string; }, currentIndex: number, array: { ...; }[]) => any'.[39m
[31m      Types of parameters 'pos' and 'currentValue' are incompatible.[39m
[31m        Type '{ id: number; ticker: string; name: string; quantity: number; averagePrice: number; currentPrice: number; totalValue: number; gain: string; }' is not assignable to type 'PositionsType'.[39m
[31m          Types of property 'gain' are incompatible.[39m
[31m            Type 'string' is not assignable to type 'number'.[39m
[31msrc/app/application/portfolio-usecase.ts(33,106): error TS2345: Argument of type 'number' is not assignable to parameter of type 'string'.[39m
[31msrc/app/application/portfolio-usecase.ts(36,4): error TS2322: Type '{ id: number; ticker: string; name: string; quantity: number; averagePrice: number; currentPrice: number; totalValue: number; gain: string; }' is not assignable to type 'number'.[39m
[31msrc/app/application/portfolio-usecase.ts(38,4): error TS2322: Type '{ id: number; ticker: string; name: string; quantity: number; averagePrice: number; currentPrice: number; totalValue: number; gain: string; }[]' is not assignable to type 'PositionsType[]'.[39m
[31m  Type '{ id: number; ticker: string; name: string; quantity: number; averagePrice: number; currentPrice: number; totalValue: number; gain: string; }' is not assignable to type 'PositionsType'.[39m
[31m    Types of property 'gain' are incompatible.[39m
[31m      Type 'string' is not assignable to type 'number'.[39m

[31m    at Object.<anonymous> (/Applications/www/Devs/cocos/api/src/app/application/portfolio-usecase.ts:1:7)[39m
[31m    at Module.<anonymous> (node:internal/modules/cjs/loader:1546:14)[39m
[31m    at Module._compile (/Applications/www/Devs/cocos/api/node_modules/source-map-support/source-map-support.js:521:25)[39m
[31m    at Module.m._compile (/private/var/folders/k_/whjk8d0n1zndpfbjh793w60c0000gn/T/ts-node-dev-hook-8180718196177423.js:69:33)[39m
[31m    at node:internal/modules/cjs/loader:1689:10[39m
[31m    at require.extensions..jsx.require.extensions..js (/private/var/folders/k_/whjk8d0n1zndpfbjh793w60c0000gn/T/ts-node-dev-hook-8180718196177423.js:114:20)[39m
[31m    at require.extensions.<computed> (/private/var/folders/k_/whjk8d0n1zndpfbjh793w60c0000gn/T/ts-node-dev-hook-8180718196177423.js:71:20)[39m
[31m    at Object.nodeDevHook [as .ts] (/Applications/www/Devs/cocos/api/node_modules/ts-node-dev/lib/hook.js:63:13)[39m
[31m    at Module.load (node:internal/modules/cjs/loader:1318:32)[39m
[31m    at Function._load (node:internal/modules/cjs/loader:1128:12)[39m
[error]: 2024-11-29 11:14:10  - [31muncaughtException: тип Unable to compile TypeScript:[39m
[31msrc/app/application/portfolio-usecase.ts(33,55): error TS2769: No overload matches this call.[39m
[31m  Overload 1 of 3, '(callbackfn: (previousValue: { id: number; ticker: string; name: string; quantity: number; averagePrice: number; currentPrice: number; totalValue: number; gain: string; }, currentValue: { id: number; ticker: string; name: string; ... 4 more ...; gain: string; }, currentIndex: number, array: { ...; }[]) => { ...; }, initialValue: { ...; }): { ...; }', gave the following error.[39m
[31m    Argument of type '(sum: any, pos: PositionsType) => any' is not assignable to parameter of type '(previousValue: { id: number; ticker: string; name: string; quantity: number; averagePrice: number; currentPrice: number; totalValue: number; gain: string; }, currentValue: { id: number; ticker: string; name: string; ... 4 more ...; gain: string; }, currentIndex: number, array: { ...; }[]) => { ...; }'.[39m
[31m      Types of parameters 'pos' and 'currentValue' are incompatible.[39m
[31m        Type '{ id: number; ticker: string; name: string; quantity: number; averagePrice: number; currentPrice: number; totalValue: number; gain: string; }' is not assignable to type 'PositionsType'.[39m
[31m          Types of property 'gain' are incompatible.[39m
[31m            Type 'string' is not assignable to type 'number'.[39m
[31m  Overload 2 of 3, '(callbackfn: (previousValue: any, currentValue: { id: number; ticker: string; name: string; quantity: number; averagePrice: number; currentPrice: number; totalValue: number; gain: string; }, currentIndex: number, array: { ...; }[]) => any, initialValue: any): any', gave the following error.[39m
[31m    Argument of type '(sum: any, pos: PositionsType) => any' is not assignable to parameter of type '(previousValue: any, currentValue: { id: number; ticker: string; name: string; quantity: number; averagePrice: number; currentPrice: number; totalValue: number; gain: string; }, currentIndex: number, array: { ...; }[]) => any'.[39m
[31m      Types of parameters 'pos' and 'currentValue' are incompatible.[39m
[31m        Type '{ id: number; ticker: string; name: string; quantity: number; averagePrice: number; currentPrice: number; totalValue: number; gain: string; }' is not assignable to type 'PositionsType'.[39m
[31m          Types of property 'gain' are incompatible.[39m
[31m            Type 'string' is not assignable to type 'number'.[39m
[31msrc/app/application/portfolio-usecase.ts(36,4): error TS2322: Type '{ id: number; ticker: string; name: string; quantity: number; averagePrice: number; currentPrice: number; totalValue: number; gain: string; }' is not assignable to type 'number'.[39m
[31msrc/app/application/portfolio-usecase.ts(38,4): error TS2322: Type '{ id: number; ticker: string; name: string; quantity: number; averagePrice: number; currentPrice: number; totalValue: number; gain: string; }[]' is not assignable to type 'PositionsType[]'.[39m
[31m  Type '{ id: number; ticker: string; name: string; quantity: number; averagePrice: number; currentPrice: number; totalValue: number; gain: string; }' is not assignable to type 'PositionsType'.[39m
[31m    Types of property 'gain' are incompatible.[39m
[31m      Type 'string' is not assignable to type 'number'.[39m

[31mError: тип Unable to compile TypeScript:[39m
[31msrc/app/application/portfolio-usecase.ts(33,55): error TS2769: No overload matches this call.[39m
[31m  Overload 1 of 3, '(callbackfn: (previousValue: { id: number; ticker: string; name: string; quantity: number; averagePrice: number; currentPrice: number; totalValue: number; gain: string; }, currentValue: { id: number; ticker: string; name: string; ... 4 more ...; gain: string; }, currentIndex: number, array: { ...; }[]) => { ...; }, initialValue: { ...; }): { ...; }', gave the following error.[39m
[31m    Argument of type '(sum: any, pos: PositionsType) => any' is not assignable to parameter of type '(previousValue: { id: number; ticker: string; name: string; quantity: number; averagePrice: number; currentPrice: number; totalValue: number; gain: string; }, currentValue: { id: number; ticker: string; name: string; ... 4 more ...; gain: string; }, currentIndex: number, array: { ...; }[]) => { ...; }'.[39m
[31m      Types of parameters 'pos' and 'currentValue' are incompatible.[39m
[31m        Type '{ id: number; ticker: string; name: string; quantity: number; averagePrice: number; currentPrice: number; totalValue: number; gain: string; }' is not assignable to type 'PositionsType'.[39m
[31m          Types of property 'gain' are incompatible.[39m
[31m            Type 'string' is not assignable to type 'number'.[39m
[31m  Overload 2 of 3, '(callbackfn: (previousValue: any, currentValue: { id: number; ticker: string; name: string; quantity: number; averagePrice: number; currentPrice: number; totalValue: number; gain: string; }, currentIndex: number, array: { ...; }[]) => any, initialValue: any): any', gave the following error.[39m
[31m    Argument of type '(sum: any, pos: PositionsType) => any' is not assignable to parameter of type '(previousValue: any, currentValue: { id: number; ticker: string; name: string; quantity: number; averagePrice: number; currentPrice: number; totalValue: number; gain: string; }, currentIndex: number, array: { ...; }[]) => any'.[39m
[31m      Types of parameters 'pos' and 'currentValue' are incompatible.[39m
[31m        Type '{ id: number; ticker: string; name: string; quantity: number; averagePrice: number; currentPrice: number; totalValue: number; gain: string; }' is not assignable to type 'PositionsType'.[39m
[31m          Types of property 'gain' are incompatible.[39m
[31m            Type 'string' is not assignable to type 'number'.[39m
[31msrc/app/application/portfolio-usecase.ts(36,4): error TS2322: Type '{ id: number; ticker: string; name: string; quantity: number; averagePrice: number; currentPrice: number; totalValue: number; gain: string; }' is not assignable to type 'number'.[39m
[31msrc/app/application/portfolio-usecase.ts(38,4): error TS2322: Type '{ id: number; ticker: string; name: string; quantity: number; averagePrice: number; currentPrice: number; totalValue: number; gain: string; }[]' is not assignable to type 'PositionsType[]'.[39m
[31m  Type '{ id: number; ticker: string; name: string; quantity: number; averagePrice: number; currentPrice: number; totalValue: number; gain: string; }' is not assignable to type 'PositionsType'.[39m
[31m    Types of property 'gain' are incompatible.[39m
[31m      Type 'string' is not assignable to type 'number'.[39m

[31m    at Object.<anonymous> (/Applications/www/Devs/cocos/api/src/app/application/portfolio-usecase.ts:1:7)[39m
[31m    at Module.<anonymous> (node:internal/modules/cjs/loader:1546:14)[39m
[31m    at Module._compile (/Applications/www/Devs/cocos/api/node_modules/source-map-support/source-map-support.js:521:25)[39m
[31m    at Module.m._compile (/private/var/folders/k_/whjk8d0n1zndpfbjh793w60c0000gn/T/ts-node-dev-hook-8180718196177423.js:69:33)[39m
[31m    at node:internal/modules/cjs/loader:1689:10[39m
[31m    at require.extensions..jsx.require.extensions..js (/private/var/folders/k_/whjk8d0n1zndpfbjh793w60c0000gn/T/ts-node-dev-hook-8180718196177423.js:114:20)[39m
[31m    at require.extensions.<computed> (/private/var/folders/k_/whjk8d0n1zndpfbjh793w60c0000gn/T/ts-node-dev-hook-8180718196177423.js:71:20)[39m
[31m    at Object.nodeDevHook [as .ts] (/Applications/www/Devs/cocos/api/node_modules/ts-node-dev/lib/hook.js:63:13)[39m
[31m    at Module.load (node:internal/modules/cjs/loader:1318:32)[39m
[31m    at Function._load (node:internal/modules/cjs/loader:1128:12)[39m
[error]: 2024-11-29 11:15:27  - [31muncaughtException: тип Unable to compile TypeScript:[39m
[31msrc/app/application/portfolio-usecase.ts(33,55): error TS2769: No overload matches this call.[39m
[31m  Overload 1 of 3, '(callbackfn: (previousValue: { id: number; ticker: string; name: string; quantity: number; averagePrice: string; currentPrice: number; totalValue: number; gain: string; }, currentValue: { id: number; ticker: string; name: string; ... 4 more ...; gain: string; }, currentIndex: number, array: { ...; }[]) => { ...; }, initialValue: { ...; }): { ...; }', gave the following error.[39m
[31m    Argument of type '(sum: any, pos: PositionsType) => any' is not assignable to parameter of type '(previousValue: { id: number; ticker: string; name: string; quantity: number; averagePrice: string; currentPrice: number; totalValue: number; gain: string; }, currentValue: { id: number; ticker: string; name: string; ... 4 more ...; gain: string; }, currentIndex: number, array: { ...; }[]) => { ...; }'.[39m
[31m      Types of parameters 'pos' and 'currentValue' are incompatible.[39m
[31m        Type '{ id: number; ticker: string; name: string; quantity: number; averagePrice: string; currentPrice: number; totalValue: number; gain: string; }' is not assignable to type 'PositionsType'.[39m
[31m          Types of property 'averagePrice' are incompatible.[39m
[31m            Type 'string' is not assignable to type 'number'.[39m
[31m  Overload 2 of 3, '(callbackfn: (previousValue: any, currentValue: { id: number; ticker: string; name: string; quantity: number; averagePrice: string; currentPrice: number; totalValue: number; gain: string; }, currentIndex: number, array: { ...; }[]) => any, initialValue: any): any', gave the following error.[39m
[31m    Argument of type '(sum: any, pos: PositionsType) => any' is not assignable to parameter of type '(previousValue: any, currentValue: { id: number; ticker: string; name: string; quantity: number; averagePrice: string; currentPrice: number; totalValue: number; gain: string; }, currentIndex: number, array: { ...; }[]) => any'.[39m
[31m      Types of parameters 'pos' and 'currentValue' are incompatible.[39m
[31m        Type '{ id: number; ticker: string; name: string; quantity: number; averagePrice: string; currentPrice: number; totalValue: number; gain: string; }' is not assignable to type 'PositionsType'.[39m
[31m          Types of property 'averagePrice' are incompatible.[39m
[31m            Type 'string' is not assignable to type 'number'.[39m
[31msrc/app/application/portfolio-usecase.ts(36,4): error TS2322: Type '{ id: number; ticker: string; name: string; quantity: number; averagePrice: string; currentPrice: number; totalValue: number; gain: string; }' is not assignable to type 'number'.[39m
[31msrc/app/application/portfolio-usecase.ts(38,4): error TS2322: Type '{ id: number; ticker: string; name: string; quantity: number; averagePrice: string; currentPrice: number; totalValue: number; gain: string; }[]' is not assignable to type 'PositionsType[]'.[39m
[31m  Type '{ id: number; ticker: string; name: string; quantity: number; averagePrice: string; currentPrice: number; totalValue: number; gain: string; }' is not assignable to type 'PositionsType'.[39m
[31m    Types of property 'averagePrice' are incompatible.[39m
[31m      Type 'string' is not assignable to type 'number'.[39m

[31mError: тип Unable to compile TypeScript:[39m
[31msrc/app/application/portfolio-usecase.ts(33,55): error TS2769: No overload matches this call.[39m
[31m  Overload 1 of 3, '(callbackfn: (previousValue: { id: number; ticker: string; name: string; quantity: number; averagePrice: string; currentPrice: number; totalValue: number; gain: string; }, currentValue: { id: number; ticker: string; name: string; ... 4 more ...; gain: string; }, currentIndex: number, array: { ...; }[]) => { ...; }, initialValue: { ...; }): { ...; }', gave the following error.[39m
[31m    Argument of type '(sum: any, pos: PositionsType) => any' is not assignable to parameter of type '(previousValue: { id: number; ticker: string; name: string; quantity: number; averagePrice: string; currentPrice: number; totalValue: number; gain: string; }, currentValue: { id: number; ticker: string; name: string; ... 4 more ...; gain: string; }, currentIndex: number, array: { ...; }[]) => { ...; }'.[39m
[31m      Types of parameters 'pos' and 'currentValue' are incompatible.[39m
[31m        Type '{ id: number; ticker: string; name: string; quantity: number; averagePrice: string; currentPrice: number; totalValue: number; gain: string; }' is not assignable to type 'PositionsType'.[39m
[31m          Types of property 'averagePrice' are incompatible.[39m
[31m            Type 'string' is not assignable to type 'number'.[39m
[31m  Overload 2 of 3, '(callbackfn: (previousValue: any, currentValue: { id: number; ticker: string; name: string; quantity: number; averagePrice: string; currentPrice: number; totalValue: number; gain: string; }, currentIndex: number, array: { ...; }[]) => any, initialValue: any): any', gave the following error.[39m
[31m    Argument of type '(sum: any, pos: PositionsType) => any' is not assignable to parameter of type '(previousValue: any, currentValue: { id: number; ticker: string; name: string; quantity: number; averagePrice: string; currentPrice: number; totalValue: number; gain: string; }, currentIndex: number, array: { ...; }[]) => any'.[39m
[31m      Types of parameters 'pos' and 'currentValue' are incompatible.[39m
[31m        Type '{ id: number; ticker: string; name: string; quantity: number; averagePrice: string; currentPrice: number; totalValue: number; gain: string; }' is not assignable to type 'PositionsType'.[39m
[31m          Types of property 'averagePrice' are incompatible.[39m
[31m            Type 'string' is not assignable to type 'number'.[39m
[31msrc/app/application/portfolio-usecase.ts(36,4): error TS2322: Type '{ id: number; ticker: string; name: string; quantity: number; averagePrice: string; currentPrice: number; totalValue: number; gain: string; }' is not assignable to type 'number'.[39m
[31msrc/app/application/portfolio-usecase.ts(38,4): error TS2322: Type '{ id: number; ticker: string; name: string; quantity: number; averagePrice: string; currentPrice: number; totalValue: number; gain: string; }[]' is not assignable to type 'PositionsType[]'.[39m
[31m  Type '{ id: number; ticker: string; name: string; quantity: number; averagePrice: string; currentPrice: number; totalValue: number; gain: string; }' is not assignable to type 'PositionsType'.[39m
[31m    Types of property 'averagePrice' are incompatible.[39m
[31m      Type 'string' is not assignable to type 'number'.[39m

[31m    at Object.<anonymous> (/Applications/www/Devs/cocos/api/src/app/application/portfolio-usecase.ts:1:7)[39m
[31m    at Module.<anonymous> (node:internal/modules/cjs/loader:1546:14)[39m
[31m    at Module._compile (/Applications/www/Devs/cocos/api/node_modules/source-map-support/source-map-support.js:521:25)[39m
[31m    at Module.m._compile (/private/var/folders/k_/whjk8d0n1zndpfbjh793w60c0000gn/T/ts-node-dev-hook-0967429575937484.js:69:33)[39m
[31m    at node:internal/modules/cjs/loader:1689:10[39m
[31m    at require.extensions..jsx.require.extensions..js (/private/var/folders/k_/whjk8d0n1zndpfbjh793w60c0000gn/T/ts-node-dev-hook-0967429575937484.js:114:20)[39m
[31m    at require.extensions.<computed> (/private/var/folders/k_/whjk8d0n1zndpfbjh793w60c0000gn/T/ts-node-dev-hook-0967429575937484.js:71:20)[39m
[31m    at Object.nodeDevHook [as .ts] (/Applications/www/Devs/cocos/api/node_modules/ts-node-dev/lib/hook.js:63:13)[39m
[31m    at Module.load (node:internal/modules/cjs/loader:1318:32)[39m
[31m    at Function._load (node:internal/modules/cjs/loader:1128:12)[39m
[error]: 2024-11-29 11:16:00  - [31muncaughtException: тип Unable to compile TypeScript:[39m
[31msrc/app/application/portfolio-usecase.ts(33,55): error TS2769: No overload matches this call.[39m
[31m  Overload 1 of 3, '(callbackfn: (previousValue: { id: number; ticker: string; name: string; quantity: number; averagePrice: string; currentPrice: number; totalValue: number; gain: string; }, currentValue: { id: number; ticker: string; name: string; ... 4 more ...; gain: string; }, currentIndex: number, array: { ...; }[]) => { ...; }, initialValue: { ...; }): { ...; }', gave the following error.[39m
[31m    Argument of type '(sum: any, pos: PositionsType) => any' is not assignable to parameter of type '(previousValue: { id: number; ticker: string; name: string; quantity: number; averagePrice: string; currentPrice: number; totalValue: number; gain: string; }, currentValue: { id: number; ticker: string; name: string; ... 4 more ...; gain: string; }, currentIndex: number, array: { ...; }[]) => { ...; }'.[39m
[31m      Types of parameters 'pos' and 'currentValue' are incompatible.[39m
[31m        Type '{ id: number; ticker: string; name: string; quantity: number; averagePrice: string; currentPrice: number; totalValue: number; gain: string; }' is not assignable to type 'PositionsType'.[39m
[31m          Types of property 'averagePrice' are incompatible.[39m
[31m            Type 'string' is not assignable to type 'number'.[39m
[31m  Overload 2 of 3, '(callbackfn: (previousValue: any, currentValue: { id: number; ticker: string; name: string; quantity: number; averagePrice: string; currentPrice: number; totalValue: number; gain: string; }, currentIndex: number, array: { ...; }[]) => any, initialValue: any): any', gave the following error.[39m
[31m    Argument of type '(sum: any, pos: PositionsType) => any' is not assignable to parameter of type '(previousValue: any, currentValue: { id: number; ticker: string; name: string; quantity: number; averagePrice: string; currentPrice: number; totalValue: number; gain: string; }, currentIndex: number, array: { ...; }[]) => any'.[39m
[31m      Types of parameters 'pos' and 'currentValue' are incompatible.[39m
[31m        Type '{ id: number; ticker: string; name: string; quantity: number; averagePrice: string; currentPrice: number; totalValue: number; gain: string; }' is not assignable to type 'PositionsType'.[39m
[31m          Types of property 'averagePrice' are incompatible.[39m
[31m            Type 'string' is not assignable to type 'number'.[39m
[31msrc/app/application/portfolio-usecase.ts(36,4): error TS2322: Type '{ id: number; ticker: string; name: string; quantity: number; averagePrice: string; currentPrice: number; totalValue: number; gain: string; }' is not assignable to type 'number'.[39m
[31msrc/app/application/portfolio-usecase.ts(38,4): error TS2322: Type '{ id: number; ticker: string; name: string; quantity: number; averagePrice: string; currentPrice: number; totalValue: number; gain: string; }[]' is not assignable to type 'PositionsType[]'.[39m
[31m  Type '{ id: number; ticker: string; name: string; quantity: number; averagePrice: string; currentPrice: number; totalValue: number; gain: string; }' is not assignable to type 'PositionsType'.[39m
[31m    Types of property 'averagePrice' are incompatible.[39m
[31m      Type 'string' is not assignable to type 'number'.[39m

[31mError: тип Unable to compile TypeScript:[39m
[31msrc/app/application/portfolio-usecase.ts(33,55): error TS2769: No overload matches this call.[39m
[31m  Overload 1 of 3, '(callbackfn: (previousValue: { id: number; ticker: string; name: string; quantity: number; averagePrice: string; currentPrice: number; totalValue: number; gain: string; }, currentValue: { id: number; ticker: string; name: string; ... 4 more ...; gain: string; }, currentIndex: number, array: { ...; }[]) => { ...; }, initialValue: { ...; }): { ...; }', gave the following error.[39m
[31m    Argument of type '(sum: any, pos: PositionsType) => any' is not assignable to parameter of type '(previousValue: { id: number; ticker: string; name: string; quantity: number; averagePrice: string; currentPrice: number; totalValue: number; gain: string; }, currentValue: { id: number; ticker: string; name: string; ... 4 more ...; gain: string; }, currentIndex: number, array: { ...; }[]) => { ...; }'.[39m
[31m      Types of parameters 'pos' and 'currentValue' are incompatible.[39m
[31m        Type '{ id: number; ticker: string; name: string; quantity: number; averagePrice: string; currentPrice: number; totalValue: number; gain: string; }' is not assignable to type 'PositionsType'.[39m
[31m          Types of property 'averagePrice' are incompatible.[39m
[31m            Type 'string' is not assignable to type 'number'.[39m
[31m  Overload 2 of 3, '(callbackfn: (previousValue: any, currentValue: { id: number; ticker: string; name: string; quantity: number; averagePrice: string; currentPrice: number; totalValue: number; gain: string; }, currentIndex: number, array: { ...; }[]) => any, initialValue: any): any', gave the following error.[39m
[31m    Argument of type '(sum: any, pos: PositionsType) => any' is not assignable to parameter of type '(previousValue: any, currentValue: { id: number; ticker: string; name: string; quantity: number; averagePrice: string; currentPrice: number; totalValue: number; gain: string; }, currentIndex: number, array: { ...; }[]) => any'.[39m
[31m      Types of parameters 'pos' and 'currentValue' are incompatible.[39m
[31m        Type '{ id: number; ticker: string; name: string; quantity: number; averagePrice: string; currentPrice: number; totalValue: number; gain: string; }' is not assignable to type 'PositionsType'.[39m
[31m          Types of property 'averagePrice' are incompatible.[39m
[31m            Type 'string' is not assignable to type 'number'.[39m
[31msrc/app/application/portfolio-usecase.ts(36,4): error TS2322: Type '{ id: number; ticker: string; name: string; quantity: number; averagePrice: string; currentPrice: number; totalValue: number; gain: string; }' is not assignable to type 'number'.[39m
[31msrc/app/application/portfolio-usecase.ts(38,4): error TS2322: Type '{ id: number; ticker: string; name: string; quantity: number; averagePrice: string; currentPrice: number; totalValue: number; gain: string; }[]' is not assignable to type 'PositionsType[]'.[39m
[31m  Type '{ id: number; ticker: string; name: string; quantity: number; averagePrice: string; currentPrice: number; totalValue: number; gain: string; }' is not assignable to type 'PositionsType'.[39m
[31m    Types of property 'averagePrice' are incompatible.[39m
[31m      Type 'string' is not assignable to type 'number'.[39m

[31m    at Object.<anonymous> (/Applications/www/Devs/cocos/api/src/app/application/portfolio-usecase.ts:1:7)[39m
[31m    at Module.<anonymous> (node:internal/modules/cjs/loader:1546:14)[39m
[31m    at Module._compile (/Applications/www/Devs/cocos/api/node_modules/source-map-support/source-map-support.js:521:25)[39m
[31m    at Module.m._compile (/private/var/folders/k_/whjk8d0n1zndpfbjh793w60c0000gn/T/ts-node-dev-hook-0967429575937484.js:69:33)[39m
[31m    at node:internal/modules/cjs/loader:1689:10[39m
[31m    at require.extensions..jsx.require.extensions..js (/private/var/folders/k_/whjk8d0n1zndpfbjh793w60c0000gn/T/ts-node-dev-hook-0967429575937484.js:114:20)[39m
[31m    at require.extensions.<computed> (/private/var/folders/k_/whjk8d0n1zndpfbjh793w60c0000gn/T/ts-node-dev-hook-0967429575937484.js:71:20)[39m
[31m    at Object.nodeDevHook [as .ts] (/Applications/www/Devs/cocos/api/node_modules/ts-node-dev/lib/hook.js:63:13)[39m
[31m    at Module.load (node:internal/modules/cjs/loader:1318:32)[39m
[31m    at Function._load (node:internal/modules/cjs/loader:1128:12)[39m
[error]: 2024-11-29 11:20:44  - [31muncaughtException: тип Unable to compile TypeScript:[39m
[31msrc/app/application/portfolio-usecase.ts(34,55): error TS2769: No overload matches this call.[39m
[31m  Overload 1 of 3, '(callbackfn: (previousValue: { id: number; ticker: string; name: string; quantity: number; averagePrice: string; currentPrice: number; totalValue: number; gain: number; }, currentValue: { id: number; ticker: string; name: string; ... 4 more ...; gain: number; }, currentIndex: number, array: { ...; }[]) => { ...; }, initialValue: { ...; }): { ...; }', gave the following error.[39m
[31m    Argument of type '(sum: any, pos: PositionsType) => any' is not assignable to parameter of type '(previousValue: { id: number; ticker: string; name: string; quantity: number; averagePrice: string; currentPrice: number; totalValue: number; gain: number; }, currentValue: { id: number; ticker: string; name: string; ... 4 more ...; gain: number; }, currentIndex: number, array: { ...; }[]) => { ...; }'.[39m
[31m      Types of parameters 'pos' and 'currentValue' are incompatible.[39m
[31m        Type '{ id: number; ticker: string; name: string; quantity: number; averagePrice: string; currentPrice: number; totalValue: number; gain: number; }' is not assignable to type 'PositionsType'.[39m
[31m          Types of property 'averagePrice' are incompatible.[39m
[31m            Type 'string' is not assignable to type 'number'.[39m
[31m  Overload 2 of 3, '(callbackfn: (previousValue: any, currentValue: { id: number; ticker: string; name: string; quantity: number; averagePrice: string; currentPrice: number; totalValue: number; gain: number; }, currentIndex: number, array: { ...; }[]) => any, initialValue: any): any', gave the following error.[39m
[31m    Argument of type '(sum: any, pos: PositionsType) => any' is not assignable to parameter of type '(previousValue: any, currentValue: { id: number; ticker: string; name: string; quantity: number; averagePrice: string; currentPrice: number; totalValue: number; gain: number; }, currentIndex: number, array: { ...; }[]) => any'.[39m
[31m      Types of parameters 'pos' and 'currentValue' are incompatible.[39m
[31m        Type '{ id: number; ticker: string; name: string; quantity: number; averagePrice: string; currentPrice: number; totalValue: number; gain: number; }' is not assignable to type 'PositionsType'.[39m
[31m          Types of property 'averagePrice' are incompatible.[39m
[31m            Type 'string' is not assignable to type 'number'.[39m
[31msrc/app/application/portfolio-usecase.ts(37,4): error TS2322: Type '{ id: number; ticker: string; name: string; quantity: number; averagePrice: string; currentPrice: number; totalValue: number; gain: number; }' is not assignable to type 'number'.[39m
[31msrc/app/application/portfolio-usecase.ts(39,4): error TS2322: Type '{ id: number; ticker: string; name: string; quantity: number; averagePrice: string; currentPrice: number; totalValue: number; gain: number; }[]' is not assignable to type 'PositionsType[]'.[39m
[31m  Type '{ id: number; ticker: string; name: string; quantity: number; averagePrice: string; currentPrice: number; totalValue: number; gain: number; }' is not assignable to type 'PositionsType'.[39m
[31m    Types of property 'averagePrice' are incompatible.[39m
[31m      Type 'string' is not assignable to type 'number'.[39m

[31mError: тип Unable to compile TypeScript:[39m
[31msrc/app/application/portfolio-usecase.ts(34,55): error TS2769: No overload matches this call.[39m
[31m  Overload 1 of 3, '(callbackfn: (previousValue: { id: number; ticker: string; name: string; quantity: number; averagePrice: string; currentPrice: number; totalValue: number; gain: number; }, currentValue: { id: number; ticker: string; name: string; ... 4 more ...; gain: number; }, currentIndex: number, array: { ...; }[]) => { ...; }, initialValue: { ...; }): { ...; }', gave the following error.[39m
[31m    Argument of type '(sum: any, pos: PositionsType) => any' is not assignable to parameter of type '(previousValue: { id: number; ticker: string; name: string; quantity: number; averagePrice: string; currentPrice: number; totalValue: number; gain: number; }, currentValue: { id: number; ticker: string; name: string; ... 4 more ...; gain: number; }, currentIndex: number, array: { ...; }[]) => { ...; }'.[39m
[31m      Types of parameters 'pos' and 'currentValue' are incompatible.[39m
[31m        Type '{ id: number; ticker: string; name: string; quantity: number; averagePrice: string; currentPrice: number; totalValue: number; gain: number; }' is not assignable to type 'PositionsType'.[39m
[31m          Types of property 'averagePrice' are incompatible.[39m
[31m            Type 'string' is not assignable to type 'number'.[39m
[31m  Overload 2 of 3, '(callbackfn: (previousValue: any, currentValue: { id: number; ticker: string; name: string; quantity: number; averagePrice: string; currentPrice: number; totalValue: number; gain: number; }, currentIndex: number, array: { ...; }[]) => any, initialValue: any): any', gave the following error.[39m
[31m    Argument of type '(sum: any, pos: PositionsType) => any' is not assignable to parameter of type '(previousValue: any, currentValue: { id: number; ticker: string; name: string; quantity: number; averagePrice: string; currentPrice: number; totalValue: number; gain: number; }, currentIndex: number, array: { ...; }[]) => any'.[39m
[31m      Types of parameters 'pos' and 'currentValue' are incompatible.[39m
[31m        Type '{ id: number; ticker: string; name: string; quantity: number; averagePrice: string; currentPrice: number; totalValue: number; gain: number; }' is not assignable to type 'PositionsType'.[39m
[31m          Types of property 'averagePrice' are incompatible.[39m
[31m            Type 'string' is not assignable to type 'number'.[39m
[31msrc/app/application/portfolio-usecase.ts(37,4): error TS2322: Type '{ id: number; ticker: string; name: string; quantity: number; averagePrice: string; currentPrice: number; totalValue: number; gain: number; }' is not assignable to type 'number'.[39m
[31msrc/app/application/portfolio-usecase.ts(39,4): error TS2322: Type '{ id: number; ticker: string; name: string; quantity: number; averagePrice: string; currentPrice: number; totalValue: number; gain: number; }[]' is not assignable to type 'PositionsType[]'.[39m
[31m  Type '{ id: number; ticker: string; name: string; quantity: number; averagePrice: string; currentPrice: number; totalValue: number; gain: number; }' is not assignable to type 'PositionsType'.[39m
[31m    Types of property 'averagePrice' are incompatible.[39m
[31m      Type 'string' is not assignable to type 'number'.[39m

[31m    at Object.<anonymous> (/Applications/www/Devs/cocos/api/src/app/application/portfolio-usecase.ts:1:7)[39m
[31m    at Module.<anonymous> (node:internal/modules/cjs/loader:1546:14)[39m
[31m    at Module._compile (/Applications/www/Devs/cocos/api/node_modules/source-map-support/source-map-support.js:521:25)[39m
[31m    at Module.m._compile (/private/var/folders/k_/whjk8d0n1zndpfbjh793w60c0000gn/T/ts-node-dev-hook-4039366686030519.js:69:33)[39m
[31m    at node:internal/modules/cjs/loader:1689:10[39m
[31m    at require.extensions..jsx.require.extensions..js (/private/var/folders/k_/whjk8d0n1zndpfbjh793w60c0000gn/T/ts-node-dev-hook-4039366686030519.js:114:20)[39m
[31m    at require.extensions.<computed> (/private/var/folders/k_/whjk8d0n1zndpfbjh793w60c0000gn/T/ts-node-dev-hook-4039366686030519.js:71:20)[39m
[31m    at Object.nodeDevHook [as .ts] (/Applications/www/Devs/cocos/api/node_modules/ts-node-dev/lib/hook.js:63:13)[39m
[31m    at Module.load (node:internal/modules/cjs/loader:1318:32)[39m
[31m    at Function._load (node:internal/modules/cjs/loader:1128:12)[39m
[error]: 2024-11-29 11:20:50  - [31muncaughtException: тип Unable to compile TypeScript:[39m
[31msrc/app/application/portfolio-usecase.ts(33,55): error TS2769: No overload matches this call.[39m
[31m  Overload 1 of 3, '(callbackfn: (previousValue: { id: number; ticker: string; name: string; quantity: number; averagePrice: string; currentPrice: number; totalValue: number; gain: number; }, currentValue: { id: number; ticker: string; name: string; ... 4 more ...; gain: number; }, currentIndex: number, array: { ...; }[]) => { ...; }, initialValue: { ...; }): { ...; }', gave the following error.[39m
[31m    Argument of type '(sum: any, pos: PositionsType) => any' is not assignable to parameter of type '(previousValue: { id: number; ticker: string; name: string; quantity: number; averagePrice: string; currentPrice: number; totalValue: number; gain: number; }, currentValue: { id: number; ticker: string; name: string; ... 4 more ...; gain: number; }, currentIndex: number, array: { ...; }[]) => { ...; }'.[39m
[31m      Types of parameters 'pos' and 'currentValue' are incompatible.[39m
[31m        Type '{ id: number; ticker: string; name: string; quantity: number; averagePrice: string; currentPrice: number; totalValue: number; gain: number; }' is not assignable to type 'PositionsType'.[39m
[31m          Types of property 'averagePrice' are incompatible.[39m
[31m            Type 'string' is not assignable to type 'number'.[39m
[31m  Overload 2 of 3, '(callbackfn: (previousValue: any, currentValue: { id: number; ticker: string; name: string; quantity: number; averagePrice: string; currentPrice: number; totalValue: number; gain: number; }, currentIndex: number, array: { ...; }[]) => any, initialValue: any): any', gave the following error.[39m
[31m    Argument of type '(sum: any, pos: PositionsType) => any' is not assignable to parameter of type '(previousValue: any, currentValue: { id: number; ticker: string; name: string; quantity: number; averagePrice: string; currentPrice: number; totalValue: number; gain: number; }, currentIndex: number, array: { ...; }[]) => any'.[39m
[31m      Types of parameters 'pos' and 'currentValue' are incompatible.[39m
[31m        Type '{ id: number; ticker: string; name: string; quantity: number; averagePrice: string; currentPrice: number; totalValue: number; gain: number; }' is not assignable to type 'PositionsType'.[39m
[31m          Types of property 'averagePrice' are incompatible.[39m
[31m            Type 'string' is not assignable to type 'number'.[39m
[31msrc/app/application/portfolio-usecase.ts(36,4): error TS2322: Type '{ id: number; ticker: string; name: string; quantity: number; averagePrice: string; currentPrice: number; totalValue: number; gain: number; }' is not assignable to type 'number'.[39m
[31msrc/app/application/portfolio-usecase.ts(38,4): error TS2322: Type '{ id: number; ticker: string; name: string; quantity: number; averagePrice: string; currentPrice: number; totalValue: number; gain: number; }[]' is not assignable to type 'PositionsType[]'.[39m
[31m  Type '{ id: number; ticker: string; name: string; quantity: number; averagePrice: string; currentPrice: number; totalValue: number; gain: number; }' is not assignable to type 'PositionsType'.[39m
[31m    Types of property 'averagePrice' are incompatible.[39m
[31m      Type 'string' is not assignable to type 'number'.[39m

[31mError: тип Unable to compile TypeScript:[39m
[31msrc/app/application/portfolio-usecase.ts(33,55): error TS2769: No overload matches this call.[39m
[31m  Overload 1 of 3, '(callbackfn: (previousValue: { id: number; ticker: string; name: string; quantity: number; averagePrice: string; currentPrice: number; totalValue: number; gain: number; }, currentValue: { id: number; ticker: string; name: string; ... 4 more ...; gain: number; }, currentIndex: number, array: { ...; }[]) => { ...; }, initialValue: { ...; }): { ...; }', gave the following error.[39m
[31m    Argument of type '(sum: any, pos: PositionsType) => any' is not assignable to parameter of type '(previousValue: { id: number; ticker: string; name: string; quantity: number; averagePrice: string; currentPrice: number; totalValue: number; gain: number; }, currentValue: { id: number; ticker: string; name: string; ... 4 more ...; gain: number; }, currentIndex: number, array: { ...; }[]) => { ...; }'.[39m
[31m      Types of parameters 'pos' and 'currentValue' are incompatible.[39m
[31m        Type '{ id: number; ticker: string; name: string; quantity: number; averagePrice: string; currentPrice: number; totalValue: number; gain: number; }' is not assignable to type 'PositionsType'.[39m
[31m          Types of property 'averagePrice' are incompatible.[39m
[31m            Type 'string' is not assignable to type 'number'.[39m
[31m  Overload 2 of 3, '(callbackfn: (previousValue: any, currentValue: { id: number; ticker: string; name: string; quantity: number; averagePrice: string; currentPrice: number; totalValue: number; gain: number; }, currentIndex: number, array: { ...; }[]) => any, initialValue: any): any', gave the following error.[39m
[31m    Argument of type '(sum: any, pos: PositionsType) => any' is not assignable to parameter of type '(previousValue: any, currentValue: { id: number; ticker: string; name: string; quantity: number; averagePrice: string; currentPrice: number; totalValue: number; gain: number; }, currentIndex: number, array: { ...; }[]) => any'.[39m
[31m      Types of parameters 'pos' and 'currentValue' are incompatible.[39m
[31m        Type '{ id: number; ticker: string; name: string; quantity: number; averagePrice: string; currentPrice: number; totalValue: number; gain: number; }' is not assignable to type 'PositionsType'.[39m
[31m          Types of property 'averagePrice' are incompatible.[39m
[31m            Type 'string' is not assignable to type 'number'.[39m
[31msrc/app/application/portfolio-usecase.ts(36,4): error TS2322: Type '{ id: number; ticker: string; name: string; quantity: number; averagePrice: string; currentPrice: number; totalValue: number; gain: number; }' is not assignable to type 'number'.[39m
[31msrc/app/application/portfolio-usecase.ts(38,4): error TS2322: Type '{ id: number; ticker: string; name: string; quantity: number; averagePrice: string; currentPrice: number; totalValue: number; gain: number; }[]' is not assignable to type 'PositionsType[]'.[39m
[31m  Type '{ id: number; ticker: string; name: string; quantity: number; averagePrice: string; currentPrice: number; totalValue: number; gain: number; }' is not assignable to type 'PositionsType'.[39m
[31m    Types of property 'averagePrice' are incompatible.[39m
[31m      Type 'string' is not assignable to type 'number'.[39m

[31m    at Object.<anonymous> (/Applications/www/Devs/cocos/api/src/app/application/portfolio-usecase.ts:1:7)[39m
[31m    at Module.<anonymous> (node:internal/modules/cjs/loader:1546:14)[39m
[31m    at Module._compile (/Applications/www/Devs/cocos/api/node_modules/source-map-support/source-map-support.js:521:25)[39m
[31m    at Module.m._compile (/private/var/folders/k_/whjk8d0n1zndpfbjh793w60c0000gn/T/ts-node-dev-hook-4039366686030519.js:69:33)[39m
[31m    at node:internal/modules/cjs/loader:1689:10[39m
[31m    at require.extensions..jsx.require.extensions..js (/private/var/folders/k_/whjk8d0n1zndpfbjh793w60c0000gn/T/ts-node-dev-hook-4039366686030519.js:114:20)[39m
[31m    at require.extensions.<computed> (/private/var/folders/k_/whjk8d0n1zndpfbjh793w60c0000gn/T/ts-node-dev-hook-4039366686030519.js:71:20)[39m
[31m    at Object.nodeDevHook [as .ts] (/Applications/www/Devs/cocos/api/node_modules/ts-node-dev/lib/hook.js:63:13)[39m
[31m    at Module.load (node:internal/modules/cjs/loader:1318:32)[39m
[31m    at Function._load (node:internal/modules/cjs/loader:1128:12)[39m
[error]: 2024-11-29 11:20:54  - [31muncaughtException: тип Unable to compile TypeScript:[39m
[31msrc/app/application/portfolio-usecase.ts(33,55): error TS2769: No overload matches this call.[39m
[31m  Overload 1 of 3, '(callbackfn: (previousValue: { id: number; ticker: string; name: string; quantity: number; averagePrice: string; currentPrice: number; totalValue: number; gain: number; }, currentValue: { id: number; ticker: string; name: string; ... 4 more ...; gain: number; }, currentIndex: number, array: { ...; }[]) => { ...; }, initialValue: { ...; }): { ...; }', gave the following error.[39m
[31m    Argument of type '(sum: any, pos: PositionsType) => any' is not assignable to parameter of type '(previousValue: { id: number; ticker: string; name: string; quantity: number; averagePrice: string; currentPrice: number; totalValue: number; gain: number; }, currentValue: { id: number; ticker: string; name: string; ... 4 more ...; gain: number; }, currentIndex: number, array: { ...; }[]) => { ...; }'.[39m
[31m      Types of parameters 'pos' and 'currentValue' are incompatible.[39m
[31m        Type '{ id: number; ticker: string; name: string; quantity: number; averagePrice: string; currentPrice: number; totalValue: number; gain: number; }' is not assignable to type 'PositionsType'.[39m
[31m          Types of property 'averagePrice' are incompatible.[39m
[31m            Type 'string' is not assignable to type 'number'.[39m
[31m  Overload 2 of 3, '(callbackfn: (previousValue: any, currentValue: { id: number; ticker: string; name: string; quantity: number; averagePrice: string; currentPrice: number; totalValue: number; gain: number; }, currentIndex: number, array: { ...; }[]) => any, initialValue: any): any', gave the following error.[39m
[31m    Argument of type '(sum: any, pos: PositionsType) => any' is not assignable to parameter of type '(previousValue: any, currentValue: { id: number; ticker: string; name: string; quantity: number; averagePrice: string; currentPrice: number; totalValue: number; gain: number; }, currentIndex: number, array: { ...; }[]) => any'.[39m
[31m      Types of parameters 'pos' and 'currentValue' are incompatible.[39m
[31m        Type '{ id: number; ticker: string; name: string; quantity: number; averagePrice: string; currentPrice: number; totalValue: number; gain: number; }' is not assignable to type 'PositionsType'.[39m
[31m          Types of property 'averagePrice' are incompatible.[39m
[31m            Type 'string' is not assignable to type 'number'.[39m
[31msrc/app/application/portfolio-usecase.ts(36,4): error TS2322: Type '{ id: number; ticker: string; name: string; quantity: number; averagePrice: string; currentPrice: number; totalValue: number; gain: number; }' is not assignable to type 'number'.[39m
[31msrc/app/application/portfolio-usecase.ts(38,4): error TS2322: Type '{ id: number; ticker: string; name: string; quantity: number; averagePrice: string; currentPrice: number; totalValue: number; gain: number; }[]' is not assignable to type 'PositionsType[]'.[39m
[31m  Type '{ id: number; ticker: string; name: string; quantity: number; averagePrice: string; currentPrice: number; totalValue: number; gain: number; }' is not assignable to type 'PositionsType'.[39m
[31m    Types of property 'averagePrice' are incompatible.[39m
[31m      Type 'string' is not assignable to type 'number'.[39m

[31mError: тип Unable to compile TypeScript:[39m
[31msrc/app/application/portfolio-usecase.ts(33,55): error TS2769: No overload matches this call.[39m
[31m  Overload 1 of 3, '(callbackfn: (previousValue: { id: number; ticker: string; name: string; quantity: number; averagePrice: string; currentPrice: number; totalValue: number; gain: number; }, currentValue: { id: number; ticker: string; name: string; ... 4 more ...; gain: number; }, currentIndex: number, array: { ...; }[]) => { ...; }, initialValue: { ...; }): { ...; }', gave the following error.[39m
[31m    Argument of type '(sum: any, pos: PositionsType) => any' is not assignable to parameter of type '(previousValue: { id: number; ticker: string; name: string; quantity: number; averagePrice: string; currentPrice: number; totalValue: number; gain: number; }, currentValue: { id: number; ticker: string; name: string; ... 4 more ...; gain: number; }, currentIndex: number, array: { ...; }[]) => { ...; }'.[39m
[31m      Types of parameters 'pos' and 'currentValue' are incompatible.[39m
[31m        Type '{ id: number; ticker: string; name: string; quantity: number; averagePrice: string; currentPrice: number; totalValue: number; gain: number; }' is not assignable to type 'PositionsType'.[39m
[31m          Types of property 'averagePrice' are incompatible.[39m
[31m            Type 'string' is not assignable to type 'number'.[39m
[31m  Overload 2 of 3, '(callbackfn: (previousValue: any, currentValue: { id: number; ticker: string; name: string; quantity: number; averagePrice: string; currentPrice: number; totalValue: number; gain: number; }, currentIndex: number, array: { ...; }[]) => any, initialValue: any): any', gave the following error.[39m
[31m    Argument of type '(sum: any, pos: PositionsType) => any' is not assignable to parameter of type '(previousValue: any, currentValue: { id: number; ticker: string; name: string; quantity: number; averagePrice: string; currentPrice: number; totalValue: number; gain: number; }, currentIndex: number, array: { ...; }[]) => any'.[39m
[31m      Types of parameters 'pos' and 'currentValue' are incompatible.[39m
[31m        Type '{ id: number; ticker: string; name: string; quantity: number; averagePrice: string; currentPrice: number; totalValue: number; gain: number; }' is not assignable to type 'PositionsType'.[39m
[31m          Types of property 'averagePrice' are incompatible.[39m
[31m            Type 'string' is not assignable to type 'number'.[39m
[31msrc/app/application/portfolio-usecase.ts(36,4): error TS2322: Type '{ id: number; ticker: string; name: string; quantity: number; averagePrice: string; currentPrice: number; totalValue: number; gain: number; }' is not assignable to type 'number'.[39m
[31msrc/app/application/portfolio-usecase.ts(38,4): error TS2322: Type '{ id: number; ticker: string; name: string; quantity: number; averagePrice: string; currentPrice: number; totalValue: number; gain: number; }[]' is not assignable to type 'PositionsType[]'.[39m
[31m  Type '{ id: number; ticker: string; name: string; quantity: number; averagePrice: string; currentPrice: number; totalValue: number; gain: number; }' is not assignable to type 'PositionsType'.[39m
[31m    Types of property 'averagePrice' are incompatible.[39m
[31m      Type 'string' is not assignable to type 'number'.[39m

[31m    at Object.<anonymous> (/Applications/www/Devs/cocos/api/src/app/application/portfolio-usecase.ts:1:7)[39m
[31m    at Module.<anonymous> (node:internal/modules/cjs/loader:1546:14)[39m
[31m    at Module._compile (/Applications/www/Devs/cocos/api/node_modules/source-map-support/source-map-support.js:521:25)[39m
[31m    at Module.m._compile (/private/var/folders/k_/whjk8d0n1zndpfbjh793w60c0000gn/T/ts-node-dev-hook-7208306587397186.js:69:33)[39m
[31m    at node:internal/modules/cjs/loader:1689:10[39m
[31m    at require.extensions..jsx.require.extensions..js (/private/var/folders/k_/whjk8d0n1zndpfbjh793w60c0000gn/T/ts-node-dev-hook-7208306587397186.js:114:20)[39m
[31m    at require.extensions.<computed> (/private/var/folders/k_/whjk8d0n1zndpfbjh793w60c0000gn/T/ts-node-dev-hook-7208306587397186.js:71:20)[39m
[31m    at Object.nodeDevHook [as .ts] (/Applications/www/Devs/cocos/api/node_modules/ts-node-dev/lib/hook.js:63:13)[39m
[31m    at Module.load (node:internal/modules/cjs/loader:1318:32)[39m
[31m    at Function._load (node:internal/modules/cjs/loader:1128:12)[39m
[error]: 2024-11-29 11:21:19  - [31muncaughtException: тип Unable to compile TypeScript:[39m
[31msrc/app/application/portfolio-usecase.ts(33,55): error TS2769: No overload matches this call.[39m
[31m  Overload 1 of 3, '(callbackfn: (previousValue: { id: number; ticker: string; name: string; quantity: number; averagePrice: string; currentPrice: number; totalValue: number; gain: number; }, currentValue: { id: number; ticker: string; name: string; ... 4 more ...; gain: number; }, currentIndex: number, array: { ...; }[]) => { ...; }, initialValue: { ...; }): { ...; }', gave the following error.[39m
[31m    Argument of type '(sum: any, pos: PositionsType) => any' is not assignable to parameter of type '(previousValue: { id: number; ticker: string; name: string; quantity: number; averagePrice: string; currentPrice: number; totalValue: number; gain: number; }, currentValue: { id: number; ticker: string; name: string; ... 4 more ...; gain: number; }, currentIndex: number, array: { ...; }[]) => { ...; }'.[39m
[31m      Types of parameters 'pos' and 'currentValue' are incompatible.[39m
[31m        Type '{ id: number; ticker: string; name: string; quantity: number; averagePrice: string; currentPrice: number; totalValue: number; gain: number; }' is not assignable to type 'PositionsType'.[39m
[31m          Types of property 'averagePrice' are incompatible.[39m
[31m            Type 'string' is not assignable to type 'number'.[39m
[31m  Overload 2 of 3, '(callbackfn: (previousValue: any, currentValue: { id: number; ticker: string; name: string; quantity: number; averagePrice: string; currentPrice: number; totalValue: number; gain: number; }, currentIndex: number, array: { ...; }[]) => any, initialValue: any): any', gave the following error.[39m
[31m    Argument of type '(sum: any, pos: PositionsType) => any' is not assignable to parameter of type '(previousValue: any, currentValue: { id: number; ticker: string; name: string; quantity: number; averagePrice: string; currentPrice: number; totalValue: number; gain: number; }, currentIndex: number, array: { ...; }[]) => any'.[39m
[31m      Types of parameters 'pos' and 'currentValue' are incompatible.[39m
[31m        Type '{ id: number; ticker: string; name: string; quantity: number; averagePrice: string; currentPrice: number; totalValue: number; gain: number; }' is not assignable to type 'PositionsType'.[39m
[31m          Types of property 'averagePrice' are incompatible.[39m
[31m            Type 'string' is not assignable to type 'number'.[39m
[31msrc/app/application/portfolio-usecase.ts(36,4): error TS2322: Type '{ id: number; ticker: string; name: string; quantity: number; averagePrice: string; currentPrice: number; totalValue: number; gain: number; }' is not assignable to type 'number'.[39m
[31msrc/app/application/portfolio-usecase.ts(38,4): error TS2322: Type '{ id: number; ticker: string; name: string; quantity: number; averagePrice: string; currentPrice: number; totalValue: number; gain: number; }[]' is not assignable to type 'PositionsType[]'.[39m
[31m  Type '{ id: number; ticker: string; name: string; quantity: number; averagePrice: string; currentPrice: number; totalValue: number; gain: number; }' is not assignable to type 'PositionsType'.[39m
[31m    Types of property 'averagePrice' are incompatible.[39m
[31m      Type 'string' is not assignable to type 'number'.[39m

[31mError: тип Unable to compile TypeScript:[39m
[31msrc/app/application/portfolio-usecase.ts(33,55): error TS2769: No overload matches this call.[39m
[31m  Overload 1 of 3, '(callbackfn: (previousValue: { id: number; ticker: string; name: string; quantity: number; averagePrice: string; currentPrice: number; totalValue: number; gain: number; }, currentValue: { id: number; ticker: string; name: string; ... 4 more ...; gain: number; }, currentIndex: number, array: { ...; }[]) => { ...; }, initialValue: { ...; }): { ...; }', gave the following error.[39m
[31m    Argument of type '(sum: any, pos: PositionsType) => any' is not assignable to parameter of type '(previousValue: { id: number; ticker: string; name: string; quantity: number; averagePrice: string; currentPrice: number; totalValue: number; gain: number; }, currentValue: { id: number; ticker: string; name: string; ... 4 more ...; gain: number; }, currentIndex: number, array: { ...; }[]) => { ...; }'.[39m
[31m      Types of parameters 'pos' and 'currentValue' are incompatible.[39m
[31m        Type '{ id: number; ticker: string; name: string; quantity: number; averagePrice: string; currentPrice: number; totalValue: number; gain: number; }' is not assignable to type 'PositionsType'.[39m
[31m          Types of property 'averagePrice' are incompatible.[39m
[31m            Type 'string' is not assignable to type 'number'.[39m
[31m  Overload 2 of 3, '(callbackfn: (previousValue: any, currentValue: { id: number; ticker: string; name: string; quantity: number; averagePrice: string; currentPrice: number; totalValue: number; gain: number; }, currentIndex: number, array: { ...; }[]) => any, initialValue: any): any', gave the following error.[39m
[31m    Argument of type '(sum: any, pos: PositionsType) => any' is not assignable to parameter of type '(previousValue: any, currentValue: { id: number; ticker: string; name: string; quantity: number; averagePrice: string; currentPrice: number; totalValue: number; gain: number; }, currentIndex: number, array: { ...; }[]) => any'.[39m
[31m      Types of parameters 'pos' and 'currentValue' are incompatible.[39m
[31m        Type '{ id: number; ticker: string; name: string; quantity: number; averagePrice: string; currentPrice: number; totalValue: number; gain: number; }' is not assignable to type 'PositionsType'.[39m
[31m          Types of property 'averagePrice' are incompatible.[39m
[31m            Type 'string' is not assignable to type 'number'.[39m
[31msrc/app/application/portfolio-usecase.ts(36,4): error TS2322: Type '{ id: number; ticker: string; name: string; quantity: number; averagePrice: string; currentPrice: number; totalValue: number; gain: number; }' is not assignable to type 'number'.[39m
[31msrc/app/application/portfolio-usecase.ts(38,4): error TS2322: Type '{ id: number; ticker: string; name: string; quantity: number; averagePrice: string; currentPrice: number; totalValue: number; gain: number; }[]' is not assignable to type 'PositionsType[]'.[39m
[31m  Type '{ id: number; ticker: string; name: string; quantity: number; averagePrice: string; currentPrice: number; totalValue: number; gain: number; }' is not assignable to type 'PositionsType'.[39m
[31m    Types of property 'averagePrice' are incompatible.[39m
[31m      Type 'string' is not assignable to type 'number'.[39m

[31m    at Object.<anonymous> (/Applications/www/Devs/cocos/api/src/app/application/portfolio-usecase.ts:1:7)[39m
[31m    at Module.<anonymous> (node:internal/modules/cjs/loader:1546:14)[39m
[31m    at Module._compile (/Applications/www/Devs/cocos/api/node_modules/source-map-support/source-map-support.js:521:25)[39m
[31m    at Module.m._compile (/private/var/folders/k_/whjk8d0n1zndpfbjh793w60c0000gn/T/ts-node-dev-hook-7208306587397186.js:69:33)[39m
[31m    at node:internal/modules/cjs/loader:1689:10[39m
[31m    at require.extensions..jsx.require.extensions..js (/private/var/folders/k_/whjk8d0n1zndpfbjh793w60c0000gn/T/ts-node-dev-hook-7208306587397186.js:114:20)[39m
[31m    at require.extensions.<computed> (/private/var/folders/k_/whjk8d0n1zndpfbjh793w60c0000gn/T/ts-node-dev-hook-7208306587397186.js:71:20)[39m
[31m    at Object.nodeDevHook [as .ts] (/Applications/www/Devs/cocos/api/node_modules/ts-node-dev/lib/hook.js:63:13)[39m
[31m    at Module.load (node:internal/modules/cjs/loader:1318:32)[39m
[31m    at Function._load (node:internal/modules/cjs/loader:1128:12)[39m
[error]: 2024-11-29 11:22:39  - [31muncaughtException: тип Unable to compile TypeScript:[39m
[31msrc/app/application/search-usecase.ts(33,26): error TS2551: Property 'last_price' does not exist on type 'InstrumentType'. Did you mean 'lastPrice'?[39m
[31msrc/app/application/search-usecase.ts(33,61): error TS2551: Property 'last_price' does not exist on type 'InstrumentType'. Did you mean 'lastPrice'?[39m

[31mError: тип Unable to compile TypeScript:[39m
[31msrc/app/application/search-usecase.ts(33,26): error TS2551: Property 'last_price' does not exist on type 'InstrumentType'. Did you mean 'lastPrice'?[39m
[31msrc/app/application/search-usecase.ts(33,61): error TS2551: Property 'last_price' does not exist on type 'InstrumentType'. Did you mean 'lastPrice'?[39m

[31m    at Object.<anonymous> (/Applications/www/Devs/cocos/api/src/app/application/search-usecase.ts:1:7)[39m
[31m    at Module.<anonymous> (node:internal/modules/cjs/loader:1546:14)[39m
[31m    at Module._compile (/Applications/www/Devs/cocos/api/node_modules/source-map-support/source-map-support.js:521:25)[39m
[31m    at Module.m._compile (/private/var/folders/k_/whjk8d0n1zndpfbjh793w60c0000gn/T/ts-node-dev-hook-26294341281008093.js:69:33)[39m
[31m    at node:internal/modules/cjs/loader:1689:10[39m
[31m    at require.extensions..jsx.require.extensions..js (/private/var/folders/k_/whjk8d0n1zndpfbjh793w60c0000gn/T/ts-node-dev-hook-26294341281008093.js:114:20)[39m
[31m    at require.extensions.<computed> (/private/var/folders/k_/whjk8d0n1zndpfbjh793w60c0000gn/T/ts-node-dev-hook-26294341281008093.js:71:20)[39m
[31m    at Object.nodeDevHook [as .ts] (/Applications/www/Devs/cocos/api/node_modules/ts-node-dev/lib/hook.js:63:13)[39m
[31m    at Module.load (node:internal/modules/cjs/loader:1318:32)[39m
[31m    at Function._load (node:internal/modules/cjs/loader:1128:12)[39m
[error]: 2024-11-29 11:22:47  - [31muncaughtException: тип Unable to compile TypeScript:[39m
[31msrc/app/application/search-usecase.ts(33,26): error TS2551: Property 'last_price' does not exist on type 'InstrumentType'. Did you mean 'lastPrice'?[39m
[31msrc/app/application/search-usecase.ts(33,61): error TS2551: Property 'last_price' does not exist on type 'InstrumentType'. Did you mean 'lastPrice'?[39m

[31mError: тип Unable to compile TypeScript:[39m
[31msrc/app/application/search-usecase.ts(33,26): error TS2551: Property 'last_price' does not exist on type 'InstrumentType'. Did you mean 'lastPrice'?[39m
[31msrc/app/application/search-usecase.ts(33,61): error TS2551: Property 'last_price' does not exist on type 'InstrumentType'. Did you mean 'lastPrice'?[39m

[31m    at Object.<anonymous> (/Applications/www/Devs/cocos/api/src/app/application/search-usecase.ts:1:7)[39m
[31m    at Module.<anonymous> (node:internal/modules/cjs/loader:1546:14)[39m
[31m    at Module._compile (/Applications/www/Devs/cocos/api/node_modules/source-map-support/source-map-support.js:521:25)[39m
[31m    at Module.m._compile (/private/var/folders/k_/whjk8d0n1zndpfbjh793w60c0000gn/T/ts-node-dev-hook-26294341281008093.js:69:33)[39m
[31m    at node:internal/modules/cjs/loader:1689:10[39m
[31m    at require.extensions..jsx.require.extensions..js (/private/var/folders/k_/whjk8d0n1zndpfbjh793w60c0000gn/T/ts-node-dev-hook-26294341281008093.js:114:20)[39m
[31m    at require.extensions.<computed> (/private/var/folders/k_/whjk8d0n1zndpfbjh793w60c0000gn/T/ts-node-dev-hook-26294341281008093.js:71:20)[39m
[31m    at Object.nodeDevHook [as .ts] (/Applications/www/Devs/cocos/api/node_modules/ts-node-dev/lib/hook.js:63:13)[39m
[31m    at Module.load (node:internal/modules/cjs/loader:1318:32)[39m
[31m    at Function._load (node:internal/modules/cjs/loader:1128:12)[39m
[error]: 2024-11-29 11:23:52  - [31muncaughtException: тип Unable to compile TypeScript:[39m
[31msrc/app/application/search-usecase.ts(33,50): error TS2345: Argument of type 'number' is not assignable to parameter of type 'string'.[39m

[31mError: тип Unable to compile TypeScript:[39m
[31msrc/app/application/search-usecase.ts(33,50): error TS2345: Argument of type 'number' is not assignable to parameter of type 'string'.[39m

[31m    at Object.<anonymous> (/Applications/www/Devs/cocos/api/src/app/application/search-usecase.ts:1:7)[39m
[31m    at Module.<anonymous> (node:internal/modules/cjs/loader:1546:14)[39m
[31m    at Module._compile (/Applications/www/Devs/cocos/api/node_modules/source-map-support/source-map-support.js:521:25)[39m
[31m    at Module.m._compile (/private/var/folders/k_/whjk8d0n1zndpfbjh793w60c0000gn/T/ts-node-dev-hook-37737668302592.js:69:33)[39m
[31m    at node:internal/modules/cjs/loader:1689:10[39m
[31m    at require.extensions..jsx.require.extensions..js (/private/var/folders/k_/whjk8d0n1zndpfbjh793w60c0000gn/T/ts-node-dev-hook-37737668302592.js:114:20)[39m
[31m    at require.extensions.<computed> (/private/var/folders/k_/whjk8d0n1zndpfbjh793w60c0000gn/T/ts-node-dev-hook-37737668302592.js:71:20)[39m
[31m    at Object.nodeDevHook [as .ts] (/Applications/www/Devs/cocos/api/node_modules/ts-node-dev/lib/hook.js:63:13)[39m
[31m    at Module.load (node:internal/modules/cjs/loader:1318:32)[39m
[31m    at Function._load (node:internal/modules/cjs/loader:1128:12)[39m
[error]: 2024-11-29 11:24:27  - [31muncaughtException: тип Unable to compile TypeScript:[39m
[31msrc/app/application/search-usecase.ts(33,51): error TS2345: Argument of type 'number' is not assignable to parameter of type 'string'.[39m

[31mError: тип Unable to compile TypeScript:[39m
[31msrc/app/application/search-usecase.ts(33,51): error TS2345: Argument of type 'number' is not assignable to parameter of type 'string'.[39m

[31m    at Object.<anonymous> (/Applications/www/Devs/cocos/api/src/app/application/search-usecase.ts:1:7)[39m
[31m    at Module.<anonymous> (node:internal/modules/cjs/loader:1546:14)[39m
[31m    at Module._compile (/Applications/www/Devs/cocos/api/node_modules/source-map-support/source-map-support.js:521:25)[39m
[31m    at Module.m._compile (/private/var/folders/k_/whjk8d0n1zndpfbjh793w60c0000gn/T/ts-node-dev-hook-37737668302592.js:69:33)[39m
[31m    at node:internal/modules/cjs/loader:1689:10[39m
[31m    at require.extensions..jsx.require.extensions..js (/private/var/folders/k_/whjk8d0n1zndpfbjh793w60c0000gn/T/ts-node-dev-hook-37737668302592.js:114:20)[39m
[31m    at require.extensions.<computed> (/private/var/folders/k_/whjk8d0n1zndpfbjh793w60c0000gn/T/ts-node-dev-hook-37737668302592.js:71:20)[39m
[31m    at Object.nodeDevHook [as .ts] (/Applications/www/Devs/cocos/api/node_modules/ts-node-dev/lib/hook.js:63:13)[39m
[31m    at Module.load (node:internal/modules/cjs/loader:1318:32)[39m
[31m    at Function._load (node:internal/modules/cjs/loader:1128:12)[39m
[error]: 2024-11-29 11:27:56  - [31muncaughtException: тип Unable to compile TypeScript:[39m
[31msrc/app/application/search-usecase.ts(28,9): error TS2322: Type '{ id: number; ticker: string; name: string; type: TypeInstrument; last_price: string | number; }[]' is not assignable to type 'InstrumentTypeResponse[]'.[39m
[31m  Type '{ id: number; ticker: string; name: string; type: TypeInstrument; last_price: string | number; }' is not assignable to type 'InstrumentTypeResponse'.[39m
[31m    Types of property 'last_price' are incompatible.[39m
[31m      Type 'string | number' is not assignable to type 'number'.[39m
[31m        Type 'string' is not assignable to type 'number'.[39m
[31msrc/app/application/search-usecase.ts(33,51): error TS2345: Argument of type 'number' is not assignable to parameter of type 'string'.[39m

[31mError: тип Unable to compile TypeScript:[39m
[31msrc/app/application/search-usecase.ts(28,9): error TS2322: Type '{ id: number; ticker: string; name: string; type: TypeInstrument; last_price: string | number; }[]' is not assignable to type 'InstrumentTypeResponse[]'.[39m
[31m  Type '{ id: number; ticker: string; name: string; type: TypeInstrument; last_price: string | number; }' is not assignable to type 'InstrumentTypeResponse'.[39m
[31m    Types of property 'last_price' are incompatible.[39m
[31m      Type 'string | number' is not assignable to type 'number'.[39m
[31m        Type 'string' is not assignable to type 'number'.[39m
[31msrc/app/application/search-usecase.ts(33,51): error TS2345: Argument of type 'number' is not assignable to parameter of type 'string'.[39m

[31m    at Object.<anonymous> (/Applications/www/Devs/cocos/api/src/app/application/search-usecase.ts:1:7)[39m
[31m    at Module.<anonymous> (node:internal/modules/cjs/loader:1546:14)[39m
[31m    at Module._compile (/Applications/www/Devs/cocos/api/node_modules/source-map-support/source-map-support.js:521:25)[39m
[31m    at Module.m._compile (/private/var/folders/k_/whjk8d0n1zndpfbjh793w60c0000gn/T/ts-node-dev-hook-37737668302592.js:69:33)[39m
[31m    at node:internal/modules/cjs/loader:1689:10[39m
[31m    at require.extensions..jsx.require.extensions..js (/private/var/folders/k_/whjk8d0n1zndpfbjh793w60c0000gn/T/ts-node-dev-hook-37737668302592.js:114:20)[39m
[31m    at require.extensions.<computed> (/private/var/folders/k_/whjk8d0n1zndpfbjh793w60c0000gn/T/ts-node-dev-hook-37737668302592.js:71:20)[39m
[31m    at Object.nodeDevHook [as .ts] (/Applications/www/Devs/cocos/api/node_modules/ts-node-dev/lib/hook.js:63:13)[39m
[31m    at Module.load (node:internal/modules/cjs/loader:1318:32)[39m
[31m    at Function._load (node:internal/modules/cjs/loader:1128:12)[39m
[error]: 2024-11-29 11:28:38  - [31muncaughtException: тип Unable to compile TypeScript:[39m
[31msrc/app/application/search-usecase.ts(28,9): error TS2322: Type '{ id: number; ticker: string; name: string; type: TypeInstrument; last_price: string | number; }[]' is not assignable to type 'InstrumentTypeResponse[]'.[39m
[31m  Type '{ id: number; ticker: string; name: string; type: TypeInstrument; last_price: string | number; }' is not assignable to type 'InstrumentTypeResponse'.[39m
[31m    Types of property 'last_price' are incompatible.[39m
[31m      Type 'string | number' is not assignable to type 'number'.[39m
[31m        Type 'string' is not assignable to type 'number'.[39m
[31msrc/app/application/search-usecase.ts(33,51): error TS2345: Argument of type 'number' is not assignable to parameter of type 'string'.[39m

[31mError: тип Unable to compile TypeScript:[39m
[31msrc/app/application/search-usecase.ts(28,9): error TS2322: Type '{ id: number; ticker: string; name: string; type: TypeInstrument; last_price: string | number; }[]' is not assignable to type 'InstrumentTypeResponse[]'.[39m
[31m  Type '{ id: number; ticker: string; name: string; type: TypeInstrument; last_price: string | number; }' is not assignable to type 'InstrumentTypeResponse'.[39m
[31m    Types of property 'last_price' are incompatible.[39m
[31m      Type 'string | number' is not assignable to type 'number'.[39m
[31m        Type 'string' is not assignable to type 'number'.[39m
[31msrc/app/application/search-usecase.ts(33,51): error TS2345: Argument of type 'number' is not assignable to parameter of type 'string'.[39m

[31m    at Object.<anonymous> (/Applications/www/Devs/cocos/api/src/app/application/search-usecase.ts:1:7)[39m
[31m    at Module.<anonymous> (node:internal/modules/cjs/loader:1546:14)[39m
[31m    at Module._compile (/Applications/www/Devs/cocos/api/node_modules/source-map-support/source-map-support.js:521:25)[39m
[31m    at Module.m._compile (/private/var/folders/k_/whjk8d0n1zndpfbjh793w60c0000gn/T/ts-node-dev-hook-37737668302592.js:69:33)[39m
[31m    at node:internal/modules/cjs/loader:1689:10[39m
[31m    at require.extensions..jsx.require.extensions..js (/private/var/folders/k_/whjk8d0n1zndpfbjh793w60c0000gn/T/ts-node-dev-hook-37737668302592.js:114:20)[39m
[31m    at require.extensions.<computed> (/private/var/folders/k_/whjk8d0n1zndpfbjh793w60c0000gn/T/ts-node-dev-hook-37737668302592.js:71:20)[39m
[31m    at Object.nodeDevHook [as .ts] (/Applications/www/Devs/cocos/api/node_modules/ts-node-dev/lib/hook.js:63:13)[39m
[31m    at Module.load (node:internal/modules/cjs/loader:1318:32)[39m
[31m    at Function._load (node:internal/modules/cjs/loader:1128:12)[39m
[error]: 2024-11-29 11:28:41  - [31muncaughtException: тип Unable to compile TypeScript:[39m
[31msrc/app/application/search-usecase.ts(28,9): error TS2322: Type '{ id: number; ticker: string; name: string; type: TypeInstrument; last_price: string | number; }[]' is not assignable to type 'InstrumentTypeResponse[]'.[39m
[31m  Type '{ id: number; ticker: string; name: string; type: TypeInstrument; last_price: string | number; }' is not assignable to type 'InstrumentTypeResponse'.[39m
[31m    Types of property 'last_price' are incompatible.[39m
[31m      Type 'string | number' is not assignable to type 'number'.[39m
[31m        Type 'string' is not assignable to type 'number'.[39m

[31mError: тип Unable to compile TypeScript:[39m
[31msrc/app/application/search-usecase.ts(28,9): error TS2322: Type '{ id: number; ticker: string; name: string; type: TypeInstrument; last_price: string | number; }[]' is not assignable to type 'InstrumentTypeResponse[]'.[39m
[31m  Type '{ id: number; ticker: string; name: string; type: TypeInstrument; last_price: string | number; }' is not assignable to type 'InstrumentTypeResponse'.[39m
[31m    Types of property 'last_price' are incompatible.[39m
[31m      Type 'string | number' is not assignable to type 'number'.[39m
[31m        Type 'string' is not assignable to type 'number'.[39m

[31m    at Object.<anonymous> (/Applications/www/Devs/cocos/api/src/app/application/search-usecase.ts:1:7)[39m
[31m    at Module.<anonymous> (node:internal/modules/cjs/loader:1546:14)[39m
[31m    at Module._compile (/Applications/www/Devs/cocos/api/node_modules/source-map-support/source-map-support.js:521:25)[39m
[31m    at Module.m._compile (/private/var/folders/k_/whjk8d0n1zndpfbjh793w60c0000gn/T/ts-node-dev-hook-37737668302592.js:69:33)[39m
[31m    at node:internal/modules/cjs/loader:1689:10[39m
[31m    at require.extensions..jsx.require.extensions..js (/private/var/folders/k_/whjk8d0n1zndpfbjh793w60c0000gn/T/ts-node-dev-hook-37737668302592.js:114:20)[39m
[31m    at require.extensions.<computed> (/private/var/folders/k_/whjk8d0n1zndpfbjh793w60c0000gn/T/ts-node-dev-hook-37737668302592.js:71:20)[39m
[31m    at Object.nodeDevHook [as .ts] (/Applications/www/Devs/cocos/api/node_modules/ts-node-dev/lib/hook.js:63:13)[39m
[31m    at Module.load (node:internal/modules/cjs/loader:1318:32)[39m
[31m    at Function._load (node:internal/modules/cjs/loader:1128:12)[39m
[error]: 2024-11-29 11:36:13  - [31muncaughtException: тип Unable to compile TypeScript:[39m
[31msrc/app/application/search-usecase.ts(37,9): error TS2304: Cannot find name 'formattedResults'.[39m
[31msrc/app/application/search-usecase.ts(33,69): error TS1005: ':' expected.[39m
[31msrc/app/application/search-usecase.ts(33,71): error TS1005: ',' expected.[39m
[31msrc/app/application/search-usecase.ts(34,3): error TS1005: ',' expected.[39m
[31msrc/app/application/search-usecase.ts(34,4): error TS1068: Unexpected token. A constructor, method, accessor, or property was expected.[39m
[31msrc/app/application/search-usecase.ts(34,5): error TS1068: Unexpected token. A constructor, method, accessor, or property was expected.[39m
[31msrc/app/application/search-usecase.ts(36,3): error TS1068: Unexpected token. A constructor, method, accessor, or property was expected.[39m
[31msrc/app/application/search-usecase.ts(41,2): error TS1128: Declaration or statement expected.[39m
[31msrc/app/application/search-usecase.ts(43,1): error TS1128: Declaration or statement expected.[39m

[31mError: тип Unable to compile TypeScript:[39m
[31msrc/app/application/search-usecase.ts(37,9): error TS2304: Cannot find name 'formattedResults'.[39m
[31msrc/app/application/search-usecase.ts(33,69): error TS1005: ':' expected.[39m
[31msrc/app/application/search-usecase.ts(33,71): error TS1005: ',' expected.[39m
[31msrc/app/application/search-usecase.ts(34,3): error TS1005: ',' expected.[39m
[31msrc/app/application/search-usecase.ts(34,4): error TS1068: Unexpected token. A constructor, method, accessor, or property was expected.[39m
[31msrc/app/application/search-usecase.ts(34,5): error TS1068: Unexpected token. A constructor, method, accessor, or property was expected.[39m
[31msrc/app/application/search-usecase.ts(36,3): error TS1068: Unexpected token. A constructor, method, accessor, or property was expected.[39m
[31msrc/app/application/search-usecase.ts(41,2): error TS1128: Declaration or statement expected.[39m
[31msrc/app/application/search-usecase.ts(43,1): error TS1128: Declaration or statement expected.[39m

[31m    at Object.<anonymous> (/Applications/www/Devs/cocos/api/src/app/application/search-usecase.ts:1:7)[39m
[31m    at Module.<anonymous> (node:internal/modules/cjs/loader:1546:14)[39m
[31m    at Module._compile (/Applications/www/Devs/cocos/api/node_modules/source-map-support/source-map-support.js:521:25)[39m
[31m    at Module.m._compile (/private/var/folders/k_/whjk8d0n1zndpfbjh793w60c0000gn/T/ts-node-dev-hook-35211016076939416.js:69:33)[39m
[31m    at node:internal/modules/cjs/loader:1689:10[39m
[31m    at require.extensions..jsx.require.extensions..js (/private/var/folders/k_/whjk8d0n1zndpfbjh793w60c0000gn/T/ts-node-dev-hook-35211016076939416.js:114:20)[39m
[31m    at require.extensions.<computed> (/private/var/folders/k_/whjk8d0n1zndpfbjh793w60c0000gn/T/ts-node-dev-hook-35211016076939416.js:71:20)[39m
[31m    at Object.nodeDevHook [as .ts] (/Applications/www/Devs/cocos/api/node_modules/ts-node-dev/lib/hook.js:63:13)[39m
[31m    at Module.load (node:internal/modules/cjs/loader:1318:32)[39m
[31m    at Function._load (node:internal/modules/cjs/loader:1128:12)[39m
[error]: 2024-11-29 11:36:24  - [31muncaughtException: тип Unable to compile TypeScript:[39m
[31msrc/app/application/search-usecase.ts(28,9): error TS2322: Type '{ id: number; ticker: string; name: string; type: TypeInstrument; last_price: string | number; }[]' is not assignable to type 'InstrumentTypeResponse[]'.[39m
[31m  Type '{ id: number; ticker: string; name: string; type: TypeInstrument; last_price: string | number; }' is not assignable to type 'InstrumentTypeResponse'.[39m
[31m    Types of property 'last_price' are incompatible.[39m
[31m      Type 'string | number' is not assignable to type 'number'.[39m
[31m        Type 'string' is not assignable to type 'number'.[39m

[31mError: тип Unable to compile TypeScript:[39m
[31msrc/app/application/search-usecase.ts(28,9): error TS2322: Type '{ id: number; ticker: string; name: string; type: TypeInstrument; last_price: string | number; }[]' is not assignable to type 'InstrumentTypeResponse[]'.[39m
[31m  Type '{ id: number; ticker: string; name: string; type: TypeInstrument; last_price: string | number; }' is not assignable to type 'InstrumentTypeResponse'.[39m
[31m    Types of property 'last_price' are incompatible.[39m
[31m      Type 'string | number' is not assignable to type 'number'.[39m
[31m        Type 'string' is not assignable to type 'number'.[39m

[31m    at Object.<anonymous> (/Applications/www/Devs/cocos/api/src/app/application/search-usecase.ts:1:7)[39m
[31m    at Module.<anonymous> (node:internal/modules/cjs/loader:1546:14)[39m
[31m    at Module._compile (/Applications/www/Devs/cocos/api/node_modules/source-map-support/source-map-support.js:521:25)[39m
[31m    at Module.m._compile (/private/var/folders/k_/whjk8d0n1zndpfbjh793w60c0000gn/T/ts-node-dev-hook-35211016076939416.js:69:33)[39m
[31m    at node:internal/modules/cjs/loader:1689:10[39m
[31m    at require.extensions..jsx.require.extensions..js (/private/var/folders/k_/whjk8d0n1zndpfbjh793w60c0000gn/T/ts-node-dev-hook-35211016076939416.js:114:20)[39m
[31m    at require.extensions.<computed> (/private/var/folders/k_/whjk8d0n1zndpfbjh793w60c0000gn/T/ts-node-dev-hook-35211016076939416.js:71:20)[39m
[31m    at Object.nodeDevHook [as .ts] (/Applications/www/Devs/cocos/api/node_modules/ts-node-dev/lib/hook.js:63:13)[39m
[31m    at Module.load (node:internal/modules/cjs/loader:1318:32)[39m
[31m    at Function._load (node:internal/modules/cjs/loader:1128:12)[39m
[error]: 2024-11-29 11:38:56  - [31muncaughtException: тип Unable to compile TypeScript:[39m
[31msrc/app/application/search-usecase.ts(28,9): error TS2322: Type '{ id: number; ticker: string; name: string; type: TypeInstrument; last_price: string | number; }[]' is not assignable to type 'InstrumentTypeResponse[]'.[39m
[31m  Type '{ id: number; ticker: string; name: string; type: TypeInstrument; last_price: string | number; }' is not assignable to type 'InstrumentTypeResponse'.[39m
[31m    Types of property 'last_price' are incompatible.[39m
[31m      Type 'string | number' is not assignable to type 'number'.[39m
[31m        Type 'string' is not assignable to type 'number'.[39m

[31mError: тип Unable to compile TypeScript:[39m
[31msrc/app/application/search-usecase.ts(28,9): error TS2322: Type '{ id: number; ticker: string; name: string; type: TypeInstrument; last_price: string | number; }[]' is not assignable to type 'InstrumentTypeResponse[]'.[39m
[31m  Type '{ id: number; ticker: string; name: string; type: TypeInstrument; last_price: string | number; }' is not assignable to type 'InstrumentTypeResponse'.[39m
[31m    Types of property 'last_price' are incompatible.[39m
[31m      Type 'string | number' is not assignable to type 'number'.[39m
[31m        Type 'string' is not assignable to type 'number'.[39m

[31m    at Object.<anonymous> (/Applications/www/Devs/cocos/api/src/app/application/search-usecase.ts:1:7)[39m
[31m    at Module.<anonymous> (node:internal/modules/cjs/loader:1546:14)[39m
[31m    at Module._compile (/Applications/www/Devs/cocos/api/node_modules/source-map-support/source-map-support.js:521:25)[39m
[31m    at Module.m._compile (/private/var/folders/k_/whjk8d0n1zndpfbjh793w60c0000gn/T/ts-node-dev-hook-35211016076939416.js:69:33)[39m
[31m    at node:internal/modules/cjs/loader:1689:10[39m
[31m    at require.extensions..jsx.require.extensions..js (/private/var/folders/k_/whjk8d0n1zndpfbjh793w60c0000gn/T/ts-node-dev-hook-35211016076939416.js:114:20)[39m
[31m    at require.extensions.<computed> (/private/var/folders/k_/whjk8d0n1zndpfbjh793w60c0000gn/T/ts-node-dev-hook-35211016076939416.js:71:20)[39m
[31m    at Object.nodeDevHook [as .ts] (/Applications/www/Devs/cocos/api/node_modules/ts-node-dev/lib/hook.js:63:13)[39m
[31m    at Module.load (node:internal/modules/cjs/loader:1318:32)[39m
[31m    at Function._load (node:internal/modules/cjs/loader:1128:12)[39m
[error]: 2024-11-29 11:39:10  - [31muncaughtException: тип Unable to compile TypeScript:[39m
[31msrc/app/application/search-usecase.ts(33,40): error TS2352: Conversion of type 'string' to type 'number' may be a mistake because neither type sufficiently overlaps with the other. If this was intentional, convert the expression to 'unknown' first.[39m

[31mError: тип Unable to compile TypeScript:[39m
[31msrc/app/application/search-usecase.ts(33,40): error TS2352: Conversion of type 'string' to type 'number' may be a mistake because neither type sufficiently overlaps with the other. If this was intentional, convert the expression to 'unknown' first.[39m

[31m    at Object.<anonymous> (/Applications/www/Devs/cocos/api/src/app/application/search-usecase.ts:1:7)[39m
[31m    at Module.<anonymous> (node:internal/modules/cjs/loader:1546:14)[39m
[31m    at Module._compile (/Applications/www/Devs/cocos/api/node_modules/source-map-support/source-map-support.js:521:25)[39m
[31m    at Module.m._compile (/private/var/folders/k_/whjk8d0n1zndpfbjh793w60c0000gn/T/ts-node-dev-hook-35211016076939416.js:69:33)[39m
[31m    at node:internal/modules/cjs/loader:1689:10[39m
[31m    at require.extensions..jsx.require.extensions..js (/private/var/folders/k_/whjk8d0n1zndpfbjh793w60c0000gn/T/ts-node-dev-hook-35211016076939416.js:114:20)[39m
[31m    at require.extensions.<computed> (/private/var/folders/k_/whjk8d0n1zndpfbjh793w60c0000gn/T/ts-node-dev-hook-35211016076939416.js:71:20)[39m
[31m    at Object.nodeDevHook [as .ts] (/Applications/www/Devs/cocos/api/node_modules/ts-node-dev/lib/hook.js:63:13)[39m
[31m    at Module.load (node:internal/modules/cjs/loader:1318:32)[39m
[31m    at Function._load (node:internal/modules/cjs/loader:1128:12)[39m
[error]: 2024-11-29 11:40:11  - [31muncaughtException: тип Unable to compile TypeScript:[39m
[31msrc/app/domain/types.ts(66,23): error TS1110: Type expected.[39m

[31mError: тип Unable to compile TypeScript:[39m
[31msrc/app/domain/types.ts(66,23): error TS1110: Type expected.[39m

[31m    at Object.<anonymous> (/Applications/www/Devs/cocos/api/src/app/domain/types.ts:1:7)[39m
[31m    at Module.<anonymous> (node:internal/modules/cjs/loader:1546:14)[39m
[31m    at Module._compile (/Applications/www/Devs/cocos/api/node_modules/source-map-support/source-map-support.js:521:25)[39m
[31m    at Module.m._compile (/private/var/folders/k_/whjk8d0n1zndpfbjh793w60c0000gn/T/ts-node-dev-hook-35211016076939416.js:69:33)[39m
[31m    at node:internal/modules/cjs/loader:1689:10[39m
[31m    at require.extensions..jsx.require.extensions..js (/private/var/folders/k_/whjk8d0n1zndpfbjh793w60c0000gn/T/ts-node-dev-hook-35211016076939416.js:114:20)[39m
[31m    at require.extensions.<computed> (/private/var/folders/k_/whjk8d0n1zndpfbjh793w60c0000gn/T/ts-node-dev-hook-35211016076939416.js:71:20)[39m
[31m    at Object.nodeDevHook [as .ts] (/Applications/www/Devs/cocos/api/node_modules/ts-node-dev/lib/hook.js:63:13)[39m
[31m    at Module.load (node:internal/modules/cjs/loader:1318:32)[39m
[31m    at Function._load (node:internal/modules/cjs/loader:1128:12)[39m
[error]: 2024-11-29 11:40:23  - [31muncaughtException: тип Unable to compile TypeScript:[39m
[31msrc/app/application/search-usecase.ts(2,26): error TS6133: 'InstrumentTypeResponse' is declared but its value is never read.[39m

[31mError: тип Unable to compile TypeScript:[39m
[31msrc/app/application/search-usecase.ts(2,26): error TS6133: 'InstrumentTypeResponse' is declared but its value is never read.[39m

[31m    at Object.<anonymous> (/Applications/www/Devs/cocos/api/src/app/application/search-usecase.ts:1:7)[39m
[31m    at Module.<anonymous> (node:internal/modules/cjs/loader:1546:14)[39m
[31m    at Module._compile (/Applications/www/Devs/cocos/api/node_modules/source-map-support/source-map-support.js:521:25)[39m
[31m    at Module.m._compile (/private/var/folders/k_/whjk8d0n1zndpfbjh793w60c0000gn/T/ts-node-dev-hook-35211016076939416.js:69:33)[39m
[31m    at node:internal/modules/cjs/loader:1689:10[39m
[31m    at require.extensions..jsx.require.extensions..js (/private/var/folders/k_/whjk8d0n1zndpfbjh793w60c0000gn/T/ts-node-dev-hook-35211016076939416.js:114:20)[39m
[31m    at require.extensions.<computed> (/private/var/folders/k_/whjk8d0n1zndpfbjh793w60c0000gn/T/ts-node-dev-hook-35211016076939416.js:71:20)[39m
[31m    at Object.nodeDevHook [as .ts] (/Applications/www/Devs/cocos/api/node_modules/ts-node-dev/lib/hook.js:63:13)[39m
[31m    at Module.load (node:internal/modules/cjs/loader:1318:32)[39m
[31m    at Function._load (node:internal/modules/cjs/loader:1128:12)[39m
[error]: 2024-11-29 11:40:27  - [31muncaughtException: тип Unable to compile TypeScript:[39m
[31msrc/app/application/search-usecase.ts(2,26): error TS6133: 'InstrumentTypeResponse' is declared but its value is never read.[39m

[31mError: тип Unable to compile TypeScript:[39m
[31msrc/app/application/search-usecase.ts(2,26): error TS6133: 'InstrumentTypeResponse' is declared but its value is never read.[39m

[31m    at Object.<anonymous> (/Applications/www/Devs/cocos/api/src/app/application/search-usecase.ts:1:7)[39m
[31m    at Module.<anonymous> (node:internal/modules/cjs/loader:1546:14)[39m
[31m    at Module._compile (/Applications/www/Devs/cocos/api/node_modules/source-map-support/source-map-support.js:521:25)[39m
[31m    at Module.m._compile (/private/var/folders/k_/whjk8d0n1zndpfbjh793w60c0000gn/T/ts-node-dev-hook-5410784807900628.js:69:33)[39m
[31m    at node:internal/modules/cjs/loader:1689:10[39m
[31m    at require.extensions..jsx.require.extensions..js (/private/var/folders/k_/whjk8d0n1zndpfbjh793w60c0000gn/T/ts-node-dev-hook-5410784807900628.js:114:20)[39m
[31m    at require.extensions.<computed> (/private/var/folders/k_/whjk8d0n1zndpfbjh793w60c0000gn/T/ts-node-dev-hook-5410784807900628.js:71:20)[39m
[31m    at Object.nodeDevHook [as .ts] (/Applications/www/Devs/cocos/api/node_modules/ts-node-dev/lib/hook.js:63:13)[39m
[31m    at Module.load (node:internal/modules/cjs/loader:1318:32)[39m
[31m    at Function._load (node:internal/modules/cjs/loader:1128:12)[39m
[error]: 2024-11-29 11:40:36  - [31muncaughtException: тип Unable to compile TypeScript:[39m
[31msrc/app/domain/types.ts(66,23): error TS1110: Type expected.[39m

[31mError: тип Unable to compile TypeScript:[39m
[31msrc/app/domain/types.ts(66,23): error TS1110: Type expected.[39m

[31m    at Object.<anonymous> (/Applications/www/Devs/cocos/api/src/app/domain/types.ts:1:7)[39m
[31m    at Module.<anonymous> (node:internal/modules/cjs/loader:1546:14)[39m
[31m    at Module._compile (/Applications/www/Devs/cocos/api/node_modules/source-map-support/source-map-support.js:521:25)[39m
[31m    at Module.m._compile (/private/var/folders/k_/whjk8d0n1zndpfbjh793w60c0000gn/T/ts-node-dev-hook-5410784807900628.js:69:33)[39m
[31m    at node:internal/modules/cjs/loader:1689:10[39m
[31m    at require.extensions..jsx.require.extensions..js (/private/var/folders/k_/whjk8d0n1zndpfbjh793w60c0000gn/T/ts-node-dev-hook-5410784807900628.js:114:20)[39m
[31m    at require.extensions.<computed> (/private/var/folders/k_/whjk8d0n1zndpfbjh793w60c0000gn/T/ts-node-dev-hook-5410784807900628.js:71:20)[39m
[31m    at Object.nodeDevHook [as .ts] (/Applications/www/Devs/cocos/api/node_modules/ts-node-dev/lib/hook.js:63:13)[39m
[31m    at Module.load (node:internal/modules/cjs/loader:1318:32)[39m
[31m    at Function._load (node:internal/modules/cjs/loader:1128:12)[39m
[error]: 2024-11-29 11:40:39  - [31muncaughtException: тип Unable to compile TypeScript:[39m
[31msrc/app/domain/types.ts(66,23): error TS1110: Type expected.[39m

[31mError: тип Unable to compile TypeScript:[39m
[31msrc/app/domain/types.ts(66,23): error TS1110: Type expected.[39m

[31m    at Object.<anonymous> (/Applications/www/Devs/cocos/api/src/app/domain/types.ts:1:7)[39m
[31m    at Module.<anonymous> (node:internal/modules/cjs/loader:1546:14)[39m
[31m    at Module._compile (/Applications/www/Devs/cocos/api/node_modules/source-map-support/source-map-support.js:521:25)[39m
[31m    at Module.m._compile (/private/var/folders/k_/whjk8d0n1zndpfbjh793w60c0000gn/T/ts-node-dev-hook-5410784807900628.js:69:33)[39m
[31m    at node:internal/modules/cjs/loader:1689:10[39m
[31m    at require.extensions..jsx.require.extensions..js (/private/var/folders/k_/whjk8d0n1zndpfbjh793w60c0000gn/T/ts-node-dev-hook-5410784807900628.js:114:20)[39m
[31m    at require.extensions.<computed> (/private/var/folders/k_/whjk8d0n1zndpfbjh793w60c0000gn/T/ts-node-dev-hook-5410784807900628.js:71:20)[39m
[31m    at Object.nodeDevHook [as .ts] (/Applications/www/Devs/cocos/api/node_modules/ts-node-dev/lib/hook.js:63:13)[39m
[31m    at Module.load (node:internal/modules/cjs/loader:1318:32)[39m
[31m    at Function._load (node:internal/modules/cjs/loader:1128:12)[39m
[error]: 2024-11-29 11:40:42  - [31muncaughtException: тип Unable to compile TypeScript:[39m
[31msrc/app/domain/types.ts(66,23): error TS1110: Type expected.[39m

[31mError: тип Unable to compile TypeScript:[39m
[31msrc/app/domain/types.ts(66,23): error TS1110: Type expected.[39m

[31m    at Object.<anonymous> (/Applications/www/Devs/cocos/api/src/app/domain/types.ts:1:7)[39m
[31m    at Module.<anonymous> (node:internal/modules/cjs/loader:1546:14)[39m
[31m    at Module._compile (/Applications/www/Devs/cocos/api/node_modules/source-map-support/source-map-support.js:521:25)[39m
[31m    at Module.m._compile (/private/var/folders/k_/whjk8d0n1zndpfbjh793w60c0000gn/T/ts-node-dev-hook-6963938410118935.js:69:33)[39m
[31m    at node:internal/modules/cjs/loader:1689:10[39m
[31m    at require.extensions..jsx.require.extensions..js (/private/var/folders/k_/whjk8d0n1zndpfbjh793w60c0000gn/T/ts-node-dev-hook-6963938410118935.js:114:20)[39m
[31m    at require.extensions.<computed> (/private/var/folders/k_/whjk8d0n1zndpfbjh793w60c0000gn/T/ts-node-dev-hook-6963938410118935.js:71:20)[39m
[31m    at Object.nodeDevHook [as .ts] (/Applications/www/Devs/cocos/api/node_modules/ts-node-dev/lib/hook.js:63:13)[39m
[31m    at Module.load (node:internal/modules/cjs/loader:1318:32)[39m
[31m    at Function._load (node:internal/modules/cjs/loader:1128:12)[39m
